<?xml version="1.0" encoding="UTF-8"?>
<robot generator="Robot 6.1.1 (Python 3.10.12 on win32)" generated="20231011 10:08:40.397" rpa="true" schemaversion="4">
<suite id="s1" name="Tasks" source="c:\Users\rgkenlii\rpa-privatetesting\cert2_study_1\tasks.robot">
<test id="s1-t1" name="Work task" line="25">
<kw name="Download orders">
<var>${orders}</var>
<kw name="Download" library="RPA.HTTP">
<var>${orders_table}</var>
<arg>${ORDERS_URL}</arg>
<arg>overwrite=True</arg>
<doc>An alias for the ``HTTP Get`` keyword.</doc>
<msg timestamp="20231011 10:08:43.388" level="INFO">Creating a new HTTP session</msg>
<msg timestamp="20231011 10:08:43.388" level="INFO">Creating Session using : alias=rpasession_alias.httpsrobotsparebinindustries.com, url=https://robotsparebinindustries.com, headers={},                     cookies={}, auth=None, timeout=None, proxies=None, verify=True,                     debug=0 </msg>
<msg timestamp="20231011 10:08:43.845" level="INFO">${orders_table} = &lt;Response [200]&gt;</msg>
<status status="PASS" starttime="20231011 10:08:43.388" endtime="20231011 10:08:43.845"/>
</kw>
<kw name="Read table from CSV" library="RPA.Tables">
<var>${orders}</var>
<arg>orders.csv</arg>
<doc>Read a CSV file as a table.</doc>
<msg timestamp="20231011 10:08:43.845" level="INFO">${orders} = Table(columns=['Order number', 'Head', 'Body', 'Legs', 'Address'], rows=20)</msg>
<status status="PASS" starttime="20231011 10:08:43.845" endtime="20231011 10:08:43.845"/>
</kw>
<kw name="Close Workbook" library="RPA.Excel.Files">
<doc>Close the active workbook.</doc>
<status status="PASS" starttime="20231011 10:08:43.845" endtime="20231011 10:08:43.845"/>
</kw>
<return>
<value>${orders}</value>
<status status="PASS" starttime="20231011 10:08:43.845" endtime="20231011 10:08:43.845"/>
</return>
<msg timestamp="20231011 10:08:43.845" level="INFO">${orders} = Table(columns=['Order number', 'Head', 'Body', 'Legs', 'Address'], rows=20)</msg>
<status status="PASS" starttime="20231011 10:08:43.388" endtime="20231011 10:08:43.845"/>
</kw>
<for flavor="IN">
<var>${order_row}</var>
<value>@{orders}</value>
<iter>
<var name="${order_row}">{'Order number': '1', 'Head': '1', 'Body': '2', 'Legs': '3', 'Address': 'Address 123'}</var>
<kw name="Log" library="BuiltIn">
<arg>${order_row}</arg>
<doc>Logs the given message with the given level.</doc>
<msg timestamp="20231011 10:08:43.845" level="INFO">{'Order number': '1', 'Head': '1', 'Body': '2', 'Legs': '3', 'Address': 'Address 123'}</msg>
<status status="PASS" starttime="20231011 10:08:43.845" endtime="20231011 10:08:43.845"/>
</kw>
<kw name="Open robot order website">
<kw name="New Browser" library="RPA.Browser.Playwright">
<arg>headless=False</arg>
<tag>BrowserControl</tag>
<tag>Setter</tag>
<doc>Create a new playwright Browser with specified options.</doc>
<msg timestamp="20231011 10:08:43.845" level="INFO">{"browser": "chromium", "headless": false, "chromiumSandbox": false, "devtools": false, "handleSIGHUP": true, "handleSIGINT": true, "handleSIGTERM": true, "slowMo": 0.0, "timeout": 30000.0, "tracesDir": "C:\\Users\\rgkenlii\\rpa-privatetesting\\browser\\traces\\45b84557-7fd6-466c-b935-871f1e804c83"}</msg>
<msg timestamp="20231011 10:08:44.431" level="INFO">Successfully created browser with options: {"browser":"chromium","headless":false,"chromiumSandbox":false,"devtools":false,"handleSIGHUP":true,"handleSIGINT":true,"handleSIGTERM":true,"slowMo":0,"timeout":30000,"tracesDir":"C:\\Users\\rgkenlii\\rpa-privatetesting\\browser\\traces\\45b84557-7fd6-466c-b935-871f1e804c83"}</msg>
<status status="PASS" starttime="20231011 10:08:43.845" endtime="20231011 10:08:44.431"/>
</kw>
<kw name="New Page" library="RPA.Browser.Playwright">
<arg>https://robotsparebinindustries.com/#/robot-order</arg>
<tag>BrowserControl</tag>
<tag>Setter</tag>
<doc>Open a new Page.</doc>
<msg timestamp="20231011 10:08:45.096" level="INFO">Successfully initialized new page object and opened url: https://robotsparebinindustries.com/#/robot-order</msg>
<msg timestamp="20231011 10:08:45.096" level="INFO">No context was open. New context was automatically opened when this page is created.</msg>
<status status="PASS" starttime="20231011 10:08:44.431" endtime="20231011 10:08:45.097"/>
</kw>
<status status="PASS" starttime="20231011 10:08:43.845" endtime="20231011 10:08:45.097"/>
</kw>
<kw name="Close the modal">
<kw name="Click" library="RPA.Browser.Playwright">
<arg>xpath=//*[@id="root"]/div/div[2]/div/div/div/div/div/button[1]</arg>
<tag>PageContent</tag>
<tag>Setter</tag>
<doc>Simulates mouse click on the element found by ``selector``.</doc>
<status status="PASS" starttime="20231011 10:08:45.097" endtime="20231011 10:08:45.249"/>
</kw>
<status status="PASS" starttime="20231011 10:08:45.097" endtime="20231011 10:08:45.250"/>
</kw>
<kw name="Fill the form">
<arg>${order_row}[Head]</arg>
<arg>${order_row}[Body]</arg>
<arg>${order_row}[Legs]</arg>
<arg>${order_row}[Address]</arg>
<kw name="Select Options By" library="RPA.Browser.Playwright">
<arg>xpath=//*[@id="head"]</arg>
<arg>value</arg>
<arg>${head_option}</arg>
<tag>PageContent</tag>
<tag>Setter</tag>
<doc>Selects options from select element found by ``selector``.</doc>
<status status="PASS" starttime="20231011 10:08:45.250" endtime="20231011 10:08:45.283"/>
</kw>
<kw name="Click" library="RPA.Browser.Playwright">
<arg>id=id-body-${body_option}</arg>
<tag>PageContent</tag>
<tag>Setter</tag>
<doc>Simulates mouse click on the element found by ``selector``.</doc>
<status status="PASS" starttime="20231011 10:08:45.284" endtime="20231011 10:08:45.309"/>
</kw>
<kw name="Fill Text" library="RPA.Browser.Playwright">
<arg>xpath=/html/body/div/div/div[1]/div/div[1]/form/div[3]/input</arg>
<arg>${legs_option}</arg>
<tag>PageContent</tag>
<tag>Setter</tag>
<doc>Clears and fills the given ``txt`` into the text field found by ``selector``.</doc>
<msg timestamp="20231011 10:08:45.310" level="INFO">Fills the text '3' in the given field.</msg>
<status status="PASS" starttime="20231011 10:08:45.310" endtime="20231011 10:08:45.324"/>
</kw>
<kw name="Fill Text" library="RPA.Browser.Playwright">
<arg>xpath=//*[@id="address"]</arg>
<arg>${address}</arg>
<tag>PageContent</tag>
<tag>Setter</tag>
<doc>Clears and fills the given ``txt`` into the text field found by ``selector``.</doc>
<msg timestamp="20231011 10:08:45.325" level="INFO">Fills the text 'Address 123' in the given field.</msg>
<status status="PASS" starttime="20231011 10:08:45.324" endtime="20231011 10:08:45.341"/>
</kw>
<kw name="Click" library="RPA.Browser.Playwright">
<arg>xpath=//*[@id="preview"]</arg>
<tag>PageContent</tag>
<tag>Setter</tag>
<doc>Simulates mouse click on the element found by ``selector``.</doc>
<status status="PASS" starttime="20231011 10:08:45.341" endtime="20231011 10:08:45.402"/>
</kw>
<kw name="Wait Until Keyword Succeeds" library="BuiltIn">
<arg>5x</arg>
<arg>0.3s</arg>
<arg>Click button and wait for it to disappear</arg>
<arg>xpath=//*[@id="order"]</arg>
<doc>Runs the specified keyword and retries if it fails.</doc>
<kw name="Click button and wait for it to disappear">
<arg>xpath=//*[@id="order"]</arg>
<kw name="Click" library="RPA.Browser.Playwright">
<arg>${selector}</arg>
<tag>PageContent</tag>
<tag>Setter</tag>
<doc>Simulates mouse click on the element found by ``selector``.</doc>
<status status="PASS" starttime="20231011 10:08:45.404" endtime="20231011 10:08:45.449"/>
</kw>
<kw name="Wait For Elements State" library="RPA.Browser.Playwright">
<arg>${selector}</arg>
<arg>detached</arg>
<arg>0.5s</arg>
<tag>PageContent</tag>
<tag>Wait</tag>
<doc>Waits for the element found by ``selector`` to satisfy state option.</doc>
<msg timestamp="20231011 10:08:45.449" level="INFO">Waited for Element with selector xpath=//*[@id="order"] at state detached</msg>
<status status="PASS" starttime="20231011 10:08:45.449" endtime="20231011 10:08:45.449"/>
</kw>
<status status="PASS" starttime="20231011 10:08:45.403" endtime="20231011 10:08:45.449"/>
</kw>
<status status="PASS" starttime="20231011 10:08:45.403" endtime="20231011 10:08:45.449"/>
</kw>
<status status="PASS" starttime="20231011 10:08:45.250" endtime="20231011 10:08:45.449"/>
</kw>
<kw name="Save receipt as PDF and append robot image">
<arg>${order_row}[Order number]</arg>
<kw name="Wait For Elements State" library="RPA.Browser.Playwright">
<arg>${RECEIPT_ELEMENT}</arg>
<arg>visible</arg>
<tag>PageContent</tag>
<tag>Wait</tag>
<doc>Waits for the element found by ``selector`` to satisfy state option.</doc>
<msg timestamp="20231011 10:08:45.468" level="INFO">Waited for Element with selector xpath=//*[@id="receipt"] at state visible</msg>
<status status="PASS" starttime="20231011 10:08:45.449" endtime="20231011 10:08:45.468"/>
</kw>
<kw name="Get Property" library="RPA.Browser.Playwright">
<var>${receipt_html}</var>
<arg>${RECEIPT_ELEMENT}</arg>
<arg>outerHTML</arg>
<tag>Assertion</tag>
<tag>Getter</tag>
<tag>PageContent</tag>
<doc>Returns the ``property`` of the element found by ``selector``.</doc>
<msg timestamp="20231011 10:08:45.483" level="INFO">Property: '&lt;div id="receipt" class="alert alert-success" role="alert"&gt;&lt;h3&gt;Receipt&lt;/h3&gt;&lt;div&gt;2023-10-11T07:08:45.439Z&lt;/div&gt;&lt;p class="badge badge-success"&gt;RSB-ROBO-ORDER-QDVSAF2NN&lt;/p&gt;&lt;p&gt;Address 123&lt;/p&gt;&lt;div id="parts" class="alert alert-light" role="alert"&gt;&lt;div&gt;Head: 1&lt;/div&gt;&lt;div&gt;Body: 2&lt;/div&gt;&lt;div&gt;Legs: 3&lt;/div&gt;&lt;/div&gt;&lt;p&gt;Thank you for your order! We will ship your robot to you as soon as our warehouse robots gather the parts you ordered! You will receive your robot in no time!&lt;/p&gt;&lt;/div&gt;'</msg>
<msg timestamp="20231011 10:08:45.483" level="INFO">${receipt_html} = &lt;div id="receipt" class="alert alert-success" role="alert"&gt;&lt;h3&gt;Receipt&lt;/h3&gt;&lt;div&gt;2023-10-11T07:08:45.439Z&lt;/div&gt;&lt;p class="badge badge-success"&gt;RSB-ROBO-ORDER-QDVSAF2NN&lt;/p&gt;&lt;p&gt;Address 123&lt;/p&gt;&lt;div id="part...</msg>
<status status="PASS" starttime="20231011 10:08:45.468" endtime="20231011 10:08:45.483"/>
</kw>
<kw name="Html To Pdf" library="RPA.PDF">
<arg>${receipt_html}</arg>
<arg>${RECEIPTS_DIRECTORY}${/}${order_number}.pdf</arg>
<doc>Generate a PDF file from HTML content.</doc>
<msg timestamp="20231011 10:08:45.485" level="INFO">Writing output to file C:\Users\rgkenlii\rpa-privatetesting\receipts\1.pdf</msg>
<msg timestamp="20231011 10:08:45.564" level="INFO">maxp pruned</msg>
<msg timestamp="20231011 10:08:45.564" level="INFO">cmap pruned</msg>
<msg timestamp="20231011 10:08:45.564" level="INFO">post pruned</msg>
<msg timestamp="20231011 10:08:45.579" level="INFO">GDEF dropped</msg>
<msg timestamp="20231011 10:08:45.579" level="INFO">GPOS dropped</msg>
<msg timestamp="20231011 10:08:45.579" level="INFO">GSUB dropped</msg>
<msg timestamp="20231011 10:08:45.615" level="INFO">glyf pruned</msg>
<msg timestamp="20231011 10:08:45.615" level="INFO">Added gid0 to subset</msg>
<msg timestamp="20231011 10:08:45.615" level="INFO">Added first four glyphs to subset</msg>
<msg timestamp="20231011 10:08:45.615" level="INFO">Closing glyph list over 'glyf': 59 glyphs before</msg>
<msg timestamp="20231011 10:08:45.615" level="INFO">Glyph names: ['.notdef', '.null', 'uni0020', 'uni0021', 'uni002D', 'uni002E', 'uni0030', 'uni0031', 'uni0032', 'uni0033', 'uni0034', 'uni0035', 'uni0036', 'uni0037', 'uni0038', 'uni0039', 'uni003A', 'uni0041', 'uni0042', 'uni0044', 'uni0045', 'uni0046', 'uni0048', 'uni004C', 'uni004E', 'uni004F', 'uni0051', 'uni0052', 'uni0053', 'uni0054', 'uni0056', 'uni0057', 'uni0059', 'uni005A', 'uni0061', 'uni0062', 'uni0063', 'uni0064', 'uni0065', 'uni0066', 'uni0067', 'uni0068', 'uni0069', 'uni006B', 'uni006C', 'uni006D', 'uni006E', 'uni006F', 'uni0070', 'uni0072', 'uni0073', 'uni0074', 'uni0075', 'uni0076', 'uni0077', 'uni0079', 'uni007B', 'uni007D', 'uni00C4']</msg>
<msg timestamp="20231011 10:08:45.615" level="INFO">Glyph IDs:   [0, 1, 2, 3, 65, 84, 95, 137, 161, 280, 299, 320, 381, 382, 395, 409, 453, 456, 469, 493, 504, 575, 582, 594, 612, 645, 650, 660, 679, 715, 723, 752, 759, 775, 827, 837, 867, 884, 899, 932, 936, 950, 1294, 1295, 1296, 1298, 1299, 1300, 1302, 1303, 1304, 1305, 1329, 1345, 1346, 1361, 1404, 1407, 1681]</msg>
<msg timestamp="20231011 10:08:45.615" level="INFO">Closed glyph list over 'glyf': 59 glyphs after</msg>
<msg timestamp="20231011 10:08:45.615" level="INFO">Glyph names: ['.notdef', '.null', 'uni0020', 'uni0021', 'uni002D', 'uni002E', 'uni0030', 'uni0031', 'uni0032', 'uni0033', 'uni0034', 'uni0035', 'uni0036', 'uni0037', 'uni0038', 'uni0039', 'uni003A', 'uni0041', 'uni0042', 'uni0044', 'uni0045', 'uni0046', 'uni0048', 'uni004C', 'uni004E', 'uni004F', 'uni0051', 'uni0052', 'uni0053', 'uni0054', 'uni0056', 'uni0057', 'uni0059', 'uni005A', 'uni0061', 'uni0062', 'uni0063', 'uni0064', 'uni0065', 'uni0066', 'uni0067', 'uni0068', 'uni0069', 'uni006B', 'uni006C', 'uni006D', 'uni006E', 'uni006F', 'uni0070', 'uni0072', 'uni0073', 'uni0074', 'uni0075', 'uni0076', 'uni0077', 'uni0079', 'uni007B', 'uni007D', 'uni00C4']</msg>
<msg timestamp="20231011 10:08:45.615" level="INFO">Glyph IDs:   [0, 1, 2, 3, 65, 84, 95, 137, 161, 280, 299, 320, 381, 382, 395, 409, 453, 456, 469, 493, 504, 575, 582, 594, 612, 645, 650, 660, 679, 715, 723, 752, 759, 775, 827, 837, 867, 884, 899, 932, 936, 950, 1294, 1295, 1296, 1298, 1299, 1300, 1302, 1303, 1304, 1305, 1329, 1345, 1346, 1361, 1404, 1407, 1681]</msg>
<msg timestamp="20231011 10:08:45.615" level="INFO">Retaining 59 glyphs</msg>
<msg timestamp="20231011 10:08:45.615" level="INFO">head subsetting not needed</msg>
<msg timestamp="20231011 10:08:45.615" level="INFO">hhea subsetting not needed</msg>
<msg timestamp="20231011 10:08:45.615" level="INFO">maxp subsetting not needed</msg>
<msg timestamp="20231011 10:08:45.615" level="INFO">OS/2 subsetting not needed</msg>
<msg timestamp="20231011 10:08:45.615" level="INFO">hmtx subsetted</msg>
<msg timestamp="20231011 10:08:45.615" level="INFO">cmap subsetted</msg>
<msg timestamp="20231011 10:08:45.615" level="INFO">prep subsetting not needed</msg>
<msg timestamp="20231011 10:08:45.615" level="INFO">loca subsetting not needed</msg>
<msg timestamp="20231011 10:08:45.615" level="INFO">post subsetted</msg>
<msg timestamp="20231011 10:08:45.615" level="INFO">gasp subsetting not needed</msg>
<msg timestamp="20231011 10:08:45.615" level="INFO">STAT subsetting not needed</msg>
<msg timestamp="20231011 10:08:45.615" level="INFO">name subsetting not needed</msg>
<msg timestamp="20231011 10:08:45.615" level="INFO">glyf subsetted</msg>
<msg timestamp="20231011 10:08:45.615" level="INFO">head pruned</msg>
<msg timestamp="20231011 10:08:45.615" level="INFO">OS/2 Unicode ranges pruned: [0]</msg>
<msg timestamp="20231011 10:08:45.615" level="INFO">glyf pruned</msg>
<msg timestamp="20231011 10:08:45.615" level="INFO">name pruned</msg>
<msg timestamp="20231011 10:08:45.641" level="INFO">maxp pruned</msg>
<msg timestamp="20231011 10:08:45.642" level="INFO">cmap pruned</msg>
<msg timestamp="20231011 10:08:45.642" level="INFO">post pruned</msg>
<msg timestamp="20231011 10:08:45.642" level="INFO">GDEF dropped</msg>
<msg timestamp="20231011 10:08:45.642" level="INFO">GPOS dropped</msg>
<msg timestamp="20231011 10:08:45.642" level="INFO">GSUB dropped</msg>
<msg timestamp="20231011 10:08:45.647" level="INFO">glyf pruned</msg>
<msg timestamp="20231011 10:08:45.647" level="INFO">Added gid0 to subset</msg>
<msg timestamp="20231011 10:08:45.647" level="INFO">Added first four glyphs to subset</msg>
<msg timestamp="20231011 10:08:45.647" level="INFO">Closing glyph list over 'glyf': 19 glyphs before</msg>
<msg timestamp="20231011 10:08:45.648" level="INFO">Glyph names: ['.notdef', '.null', 'uni0020', 'uni0030', 'uni0031', 'uni0032', 'uni0033', 'uni0034', 'uni0035', 'uni0036', 'uni0037', 'uni0038', 'uni0039', 'uni0041', 'uni0062', 'uni006E', 'uni007B', 'uni007D', 'uni00C4']</msg>
<msg timestamp="20231011 10:08:45.648" level="INFO">Glyph IDs:   [0, 1, 2, 3, 575, 759, 1294, 1295, 1296, 1298, 1299, 1300, 1302, 1303, 1304, 1305, 1345, 1346, 1681]</msg>
<msg timestamp="20231011 10:08:45.648" level="INFO">Closed glyph list over 'glyf': 19 glyphs after</msg>
<msg timestamp="20231011 10:08:45.649" level="INFO">Glyph names: ['.notdef', '.null', 'uni0020', 'uni0030', 'uni0031', 'uni0032', 'uni0033', 'uni0034', 'uni0035', 'uni0036', 'uni0037', 'uni0038', 'uni0039', 'uni0041', 'uni0062', 'uni006E', 'uni007B', 'uni007D', 'uni00C4']</msg>
<msg timestamp="20231011 10:08:45.649" level="INFO">Glyph IDs:   [0, 1, 2, 3, 575, 759, 1294, 1295, 1296, 1298, 1299, 1300, 1302, 1303, 1304, 1305, 1345, 1346, 1681]</msg>
<msg timestamp="20231011 10:08:45.649" level="INFO">Retaining 19 glyphs</msg>
<msg timestamp="20231011 10:08:45.649" level="INFO">head subsetting not needed</msg>
<msg timestamp="20231011 10:08:45.650" level="INFO">hhea subsetting not needed</msg>
<msg timestamp="20231011 10:08:45.650" level="INFO">maxp subsetting not needed</msg>
<msg timestamp="20231011 10:08:45.650" level="INFO">OS/2 subsetting not needed</msg>
<msg timestamp="20231011 10:08:45.650" level="INFO">hmtx subsetted</msg>
<msg timestamp="20231011 10:08:45.651" level="INFO">cmap subsetted</msg>
<msg timestamp="20231011 10:08:45.651" level="INFO">prep subsetting not needed</msg>
<msg timestamp="20231011 10:08:45.651" level="INFO">loca subsetting not needed</msg>
<msg timestamp="20231011 10:08:45.651" level="INFO">post subsetted</msg>
<msg timestamp="20231011 10:08:45.651" level="INFO">gasp subsetting not needed</msg>
<msg timestamp="20231011 10:08:45.652" level="INFO">STAT subsetting not needed</msg>
<msg timestamp="20231011 10:08:45.652" level="INFO">name subsetting not needed</msg>
<msg timestamp="20231011 10:08:45.652" level="INFO">glyf subsetted</msg>
<msg timestamp="20231011 10:08:45.653" level="INFO">head pruned</msg>
<msg timestamp="20231011 10:08:45.653" level="INFO">OS/2 Unicode ranges pruned: [0]</msg>
<msg timestamp="20231011 10:08:45.653" level="INFO">glyf pruned</msg>
<msg timestamp="20231011 10:08:45.654" level="INFO">name pruned</msg>
<msg timestamp="20231011 10:08:45.661" level="INFO">maxp pruned</msg>
<msg timestamp="20231011 10:08:45.661" level="INFO">cmap pruned</msg>
<msg timestamp="20231011 10:08:45.662" level="INFO">post pruned</msg>
<msg timestamp="20231011 10:08:45.662" level="INFO">GDEF dropped</msg>
<msg timestamp="20231011 10:08:45.662" level="INFO">GPOS dropped</msg>
<msg timestamp="20231011 10:08:45.662" level="INFO">GSUB dropped</msg>
<msg timestamp="20231011 10:08:45.668" level="INFO">glyf pruned</msg>
<msg timestamp="20231011 10:08:45.670" level="INFO">Added gid0 to subset</msg>
<msg timestamp="20231011 10:08:45.670" level="INFO">Added first four glyphs to subset</msg>
<msg timestamp="20231011 10:08:45.670" level="INFO">Closing glyph list over 'glyf': 18 glyphs before</msg>
<msg timestamp="20231011 10:08:45.670" level="INFO">Glyph names: ['.notdef', '.null', 'uni0020', 'uni0030', 'uni0031', 'uni0032', 'uni0033', 'uni0034', 'uni0035', 'uni0036', 'uni0037', 'uni0038', 'uni0039', 'uni0062', 'uni006E', 'uni007B', 'uni007D', 'uni00A0']</msg>
<msg timestamp="20231011 10:08:45.670" level="INFO">Glyph IDs:   [0, 1, 2, 3, 544, 727, 1256, 1257, 1258, 1260, 1261, 1262, 1264, 1265, 1266, 1267, 1307, 1308]</msg>
<msg timestamp="20231011 10:08:45.671" level="INFO">Closed glyph list over 'glyf': 18 glyphs after</msg>
<msg timestamp="20231011 10:08:45.671" level="INFO">Glyph names: ['.notdef', '.null', 'uni0020', 'uni0030', 'uni0031', 'uni0032', 'uni0033', 'uni0034', 'uni0035', 'uni0036', 'uni0037', 'uni0038', 'uni0039', 'uni0062', 'uni006E', 'uni007B', 'uni007D', 'uni00A0']</msg>
<msg timestamp="20231011 10:08:45.671" level="INFO">Glyph IDs:   [0, 1, 2, 3, 544, 727, 1256, 1257, 1258, 1260, 1261, 1262, 1264, 1265, 1266, 1267, 1307, 1308]</msg>
<msg timestamp="20231011 10:08:45.671" level="INFO">Retaining 18 glyphs</msg>
<msg timestamp="20231011 10:08:45.671" level="INFO">head subsetting not needed</msg>
<msg timestamp="20231011 10:08:45.671" level="INFO">hhea subsetting not needed</msg>
<msg timestamp="20231011 10:08:45.671" level="INFO">maxp subsetting not needed</msg>
<msg timestamp="20231011 10:08:45.671" level="INFO">OS/2 subsetting not needed</msg>
<msg timestamp="20231011 10:08:45.672" level="INFO">hmtx subsetted</msg>
<msg timestamp="20231011 10:08:45.672" level="INFO">cmap subsetted</msg>
<msg timestamp="20231011 10:08:45.672" level="INFO">loca subsetting not needed</msg>
<msg timestamp="20231011 10:08:45.672" level="INFO">post subsetted</msg>
<msg timestamp="20231011 10:08:45.673" level="INFO">name subsetting not needed</msg>
<msg timestamp="20231011 10:08:45.673" level="INFO">glyf subsetted</msg>
<msg timestamp="20231011 10:08:45.673" level="INFO">head pruned</msg>
<msg timestamp="20231011 10:08:45.674" level="INFO">OS/2 Unicode ranges pruned: [0]</msg>
<msg timestamp="20231011 10:08:45.674" level="INFO">glyf pruned</msg>
<msg timestamp="20231011 10:08:45.674" level="INFO">name pruned</msg>
<msg timestamp="20231011 10:08:45.680" level="INFO">maxp pruned</msg>
<msg timestamp="20231011 10:08:45.680" level="INFO">cmap pruned</msg>
<msg timestamp="20231011 10:08:45.681" level="INFO">post pruned</msg>
<msg timestamp="20231011 10:08:45.681" level="INFO">GDEF dropped</msg>
<msg timestamp="20231011 10:08:45.681" level="INFO">GPOS dropped</msg>
<msg timestamp="20231011 10:08:45.681" level="INFO">GSUB dropped</msg>
<msg timestamp="20231011 10:08:45.685" level="INFO">glyf pruned</msg>
<msg timestamp="20231011 10:08:45.689" level="INFO">Added gid0 to subset</msg>
<msg timestamp="20231011 10:08:45.689" level="INFO">Added first four glyphs to subset</msg>
<msg timestamp="20231011 10:08:45.690" level="INFO">Closing glyph list over 'glyf': 18 glyphs before</msg>
<msg timestamp="20231011 10:08:45.690" level="INFO">Glyph names: ['.notdef', '.null', 'uni0020', 'uni0030', 'uni0031', 'uni0032', 'uni0033', 'uni0034', 'uni0035', 'uni0036', 'uni0037', 'uni0038', 'uni0039', 'uni0062', 'uni006E', 'uni007B', 'uni007D', 'uni00A0']</msg>
<msg timestamp="20231011 10:08:45.690" level="INFO">Glyph IDs:   [0, 1, 2, 3, 544, 727, 1256, 1257, 1258, 1260, 1261, 1262, 1264, 1265, 1266, 1267, 1307, 1308]</msg>
<msg timestamp="20231011 10:08:45.690" level="INFO">Closed glyph list over 'glyf': 18 glyphs after</msg>
<msg timestamp="20231011 10:08:45.690" level="INFO">Glyph names: ['.notdef', '.null', 'uni0020', 'uni0030', 'uni0031', 'uni0032', 'uni0033', 'uni0034', 'uni0035', 'uni0036', 'uni0037', 'uni0038', 'uni0039', 'uni0062', 'uni006E', 'uni007B', 'uni007D', 'uni00A0']</msg>
<msg timestamp="20231011 10:08:45.691" level="INFO">Glyph IDs:   [0, 1, 2, 3, 544, 727, 1256, 1257, 1258, 1260, 1261, 1262, 1264, 1265, 1266, 1267, 1307, 1308]</msg>
<msg timestamp="20231011 10:08:45.691" level="INFO">Retaining 18 glyphs</msg>
<msg timestamp="20231011 10:08:45.691" level="INFO">head subsetting not needed</msg>
<msg timestamp="20231011 10:08:45.692" level="INFO">hhea subsetting not needed</msg>
<msg timestamp="20231011 10:08:45.692" level="INFO">maxp subsetting not needed</msg>
<msg timestamp="20231011 10:08:45.692" level="INFO">OS/2 subsetting not needed</msg>
<msg timestamp="20231011 10:08:45.692" level="INFO">hmtx subsetted</msg>
<msg timestamp="20231011 10:08:45.693" level="INFO">cmap subsetted</msg>
<msg timestamp="20231011 10:08:45.694" level="INFO">loca subsetting not needed</msg>
<msg timestamp="20231011 10:08:45.694" level="INFO">post subsetted</msg>
<msg timestamp="20231011 10:08:45.694" level="INFO">name subsetting not needed</msg>
<msg timestamp="20231011 10:08:45.726" level="INFO">glyf subsetted</msg>
<msg timestamp="20231011 10:08:45.727" level="INFO">head pruned</msg>
<msg timestamp="20231011 10:08:45.727" level="INFO">OS/2 Unicode ranges pruned: [0]</msg>
<msg timestamp="20231011 10:08:45.729" level="INFO">glyf pruned</msg>
<msg timestamp="20231011 10:08:45.730" level="INFO">name pruned</msg>
<msg timestamp="20231011 10:08:45.745" level="INFO">c:\Users\rgkenlii\.vscode\extensions\robocorp.robotframework-lsp-1.11.0\src\robotframework_debug_adapter\run_robot__main__.py:662: DeprecationWarning: The HTMLMixin class is deprecated. Simply use the FPDF class as a replacement.
  exitcode = run_cli(robot_args, exit=False)</msg>
<status status="PASS" starttime="20231011 10:08:45.483" endtime="20231011 10:08:45.746"/>
</kw>
<kw name="Take Screenshot" library="RPA.Browser.Playwright">
<var>${roboselfie}</var>
<arg>selector=#robot-preview-image</arg>
<tag>PageContent</tag>
<doc>Takes a screenshot of the current window or element and saves it to disk.</doc>
<msg timestamp="20231011 10:08:45.887" level="INFO" html="true">&lt;/td&gt;&lt;/tr&gt;&lt;tr&gt;&lt;td colspan="3"&gt;&lt;a href="browser/screenshot/robotframework-browser-screenshot-1.png" target="_blank"&gt;&lt;img src="browser/screenshot/robotframework-browser-screenshot-1.png" width="800px"/&gt;&lt;/a&gt;</msg>
<msg timestamp="20231011 10:08:45.887" level="INFO">${roboselfie} = C:\Users\rgkenlii\rpa-privatetesting\browser\screenshot\robotframework-browser-screenshot-1.png</msg>
<status status="PASS" starttime="20231011 10:08:45.746" endtime="20231011 10:08:45.887"/>
</kw>
<kw name="Create List" library="BuiltIn">
<var>${files_to_append}</var>
<arg>${roboselfie}</arg>
<doc>Returns a list containing given items.</doc>
<msg timestamp="20231011 10:08:45.888" level="INFO">${files_to_append} = ['C:\\Users\\rgkenlii\\rpa-privatetesting\\browser\\screenshot\\robotframework-browser-screenshot-1.png']</msg>
<status status="PASS" starttime="20231011 10:08:45.887" endtime="20231011 10:08:45.888"/>
</kw>
<kw name="Log" library="BuiltIn">
<arg>${roboselfie}</arg>
<doc>Logs the given message with the given level.</doc>
<msg timestamp="20231011 10:08:45.889" level="INFO">C:\Users\rgkenlii\rpa-privatetesting\browser\screenshot\robotframework-browser-screenshot-1.png</msg>
<status status="PASS" starttime="20231011 10:08:45.888" endtime="20231011 10:08:45.889"/>
</kw>
<kw name="Add Files To Pdf" library="RPA.PDF">
<arg>${files_to_append}</arg>
<arg>${RECEIPTS_DIRECTORY}${/}${order_number}.pdf</arg>
<arg>append=True</arg>
<doc>Add images and/or pdfs to new PDF document.</doc>
<msg timestamp="20231011 10:08:45.936" level="INFO">Adding page: 0</msg>
<msg timestamp="20231011 10:08:45.942" level="INFO">File C:\Users\rgkenlii\rpa-privatetesting\browser\screenshot\robotframework-browser-screenshot-1.png type: png</msg>
<msg timestamp="20231011 10:08:45.942" level="INFO">Image parameters: {}</msg>
<status status="PASS" starttime="20231011 10:08:45.889" endtime="20231011 10:08:45.997"/>
</kw>
<status status="PASS" starttime="20231011 10:08:45.449" endtime="20231011 10:08:45.997"/>
</kw>
<kw name="Close Page" library="RPA.Browser.Playwright">
<tag>BrowserControl</tag>
<tag>Setter</tag>
<doc>Closes the ``page`` in ``context`` in ``browser``.</doc>
<msg timestamp="20231011 10:08:46.013" level="INFO">[
  {
    "type": "chromium",
    "id": "browser=c10a25e6-0369-4d43-af72-77f3802fb738",
    "contexts": [
      {
        "type": "context",
        "id": "context=206ff03a-f1f0-40f6-9060-9ab95de61d5e",
        "activePage": "page=49100639-b218-426b-a228-eb932ab04b29",
        "pages": [
          {
            "type": "page",
            "title": "RobotSpareBin Industries Inc. - Intranet",
            "url": "https://robotsparebinindustries.com/#/robot-order",
            "id": "page=49100639-b218-426b-a228-eb932ab04b29",
            "timestamp": 1697008124.676
          }
        ]
      }
    ],
    "activeContext": "context=206ff03a-f1f0-40f6-9060-9ab95de61d5e",
    "activeBrowser": true
  }
]</msg>
<msg timestamp="20231011 10:08:46.013" level="INFO">Switching browser to CURRENT</msg>
<msg timestamp="20231011 10:08:46.013" level="INFO">Returned active browser id</msg>
<msg timestamp="20231011 10:08:46.013" level="INFO">Switching browser to browser=c10a25e6-0369-4d43-af72-77f3802fb738</msg>
<msg timestamp="20231011 10:08:46.025" level="INFO">Successfully changed active browser</msg>
<msg timestamp="20231011 10:08:46.026" level="INFO">Switching context to CURRENT in CURRENT</msg>
<msg timestamp="20231011 10:08:46.030" level="INFO">Returned active context id</msg>
<msg timestamp="20231011 10:08:46.030" level="INFO">Switching context to context=206ff03a-f1f0-40f6-9060-9ab95de61d5e in CURRENT</msg>
<msg timestamp="20231011 10:08:46.034" level="INFO">[
  {
    "type": "chromium",
    "id": "browser=c10a25e6-0369-4d43-af72-77f3802fb738",
    "contexts": [
      {
        "type": "context",
        "id": "context=206ff03a-f1f0-40f6-9060-9ab95de61d5e",
        "activePage": "page=49100639-b218-426b-a228-eb932ab04b29",
        "pages": [
          {
            "type": "page",
            "title": "RobotSpareBin Industries Inc. - Intranet",
            "url": "https://robotsparebinindustries.com/#/robot-order",
            "id": "page=49100639-b218-426b-a228-eb932ab04b29",
            "timestamp": 1697008124.676
          }
        ]
      }
    ],
    "activeContext": "context=206ff03a-f1f0-40f6-9060-9ab95de61d5e",
    "activeBrowser": true
  }
]</msg>
<msg timestamp="20231011 10:08:46.037" level="INFO">Successfully changed active context</msg>
<msg timestamp="20231011 10:08:46.047" level="INFO">Successfully closed Page</msg>
<status status="PASS" starttime="20231011 10:08:45.997" endtime="20231011 10:08:46.047"/>
</kw>
<status status="PASS" starttime="20231011 10:08:43.845" endtime="20231011 10:08:46.048"/>
</iter>
<iter>
<var name="${order_row}">{'Order number': '2', 'Head': '4', 'Body': '1', 'Legs': '5', 'Address': 'Address 456'}</var>
<kw name="Log" library="BuiltIn">
<arg>${order_row}</arg>
<doc>Logs the given message with the given level.</doc>
<msg timestamp="20231011 10:08:46.049" level="INFO">{'Order number': '2', 'Head': '4', 'Body': '1', 'Legs': '5', 'Address': 'Address 456'}</msg>
<status status="PASS" starttime="20231011 10:08:46.049" endtime="20231011 10:08:46.049"/>
</kw>
<kw name="Open robot order website">
<kw name="New Browser" library="RPA.Browser.Playwright">
<arg>headless=False</arg>
<tag>BrowserControl</tag>
<tag>Setter</tag>
<doc>Create a new playwright Browser with specified options.</doc>
<msg timestamp="20231011 10:08:46.050" level="INFO">Switching browser to browser=c10a25e6-0369-4d43-af72-77f3802fb738</msg>
<msg timestamp="20231011 10:08:46.053" level="INFO">Successfully changed active browser</msg>
<msg timestamp="20231011 10:08:46.054" level="INFO">Reusing existing browser with id: browser=c10a25e6-0369-4d43-af72-77f3802fb738</msg>
<status status="PASS" starttime="20231011 10:08:46.050" endtime="20231011 10:08:46.054"/>
</kw>
<kw name="New Page" library="RPA.Browser.Playwright">
<arg>https://robotsparebinindustries.com/#/robot-order</arg>
<tag>BrowserControl</tag>
<tag>Setter</tag>
<doc>Open a new Page.</doc>
<msg timestamp="20231011 10:08:46.209" level="INFO">Successfully initialized new page object and opened url: https://robotsparebinindustries.com/#/robot-order</msg>
<status status="PASS" starttime="20231011 10:08:46.054" endtime="20231011 10:08:46.209"/>
</kw>
<status status="PASS" starttime="20231011 10:08:46.050" endtime="20231011 10:08:46.209"/>
</kw>
<kw name="Close the modal">
<kw name="Click" library="RPA.Browser.Playwright">
<arg>xpath=//*[@id="root"]/div/div[2]/div/div/div/div/div/button[1]</arg>
<tag>PageContent</tag>
<tag>Setter</tag>
<doc>Simulates mouse click on the element found by ``selector``.</doc>
<status status="PASS" starttime="20231011 10:08:46.210" endtime="20231011 10:08:46.330"/>
</kw>
<status status="PASS" starttime="20231011 10:08:46.210" endtime="20231011 10:08:46.331"/>
</kw>
<kw name="Fill the form">
<arg>${order_row}[Head]</arg>
<arg>${order_row}[Body]</arg>
<arg>${order_row}[Legs]</arg>
<arg>${order_row}[Address]</arg>
<kw name="Select Options By" library="RPA.Browser.Playwright">
<arg>xpath=//*[@id="head"]</arg>
<arg>value</arg>
<arg>${head_option}</arg>
<tag>PageContent</tag>
<tag>Setter</tag>
<doc>Selects options from select element found by ``selector``.</doc>
<status status="PASS" starttime="20231011 10:08:46.332" endtime="20231011 10:08:46.358"/>
</kw>
<kw name="Click" library="RPA.Browser.Playwright">
<arg>id=id-body-${body_option}</arg>
<tag>PageContent</tag>
<tag>Setter</tag>
<doc>Simulates mouse click on the element found by ``selector``.</doc>
<status status="PASS" starttime="20231011 10:08:46.359" endtime="20231011 10:08:46.393"/>
</kw>
<kw name="Fill Text" library="RPA.Browser.Playwright">
<arg>xpath=/html/body/div/div/div[1]/div/div[1]/form/div[3]/input</arg>
<arg>${legs_option}</arg>
<tag>PageContent</tag>
<tag>Setter</tag>
<doc>Clears and fills the given ``txt`` into the text field found by ``selector``.</doc>
<msg timestamp="20231011 10:08:46.394" level="INFO">Fills the text '5' in the given field.</msg>
<status status="PASS" starttime="20231011 10:08:46.393" endtime="20231011 10:08:46.409"/>
</kw>
<kw name="Fill Text" library="RPA.Browser.Playwright">
<arg>xpath=//*[@id="address"]</arg>
<arg>${address}</arg>
<tag>PageContent</tag>
<tag>Setter</tag>
<doc>Clears and fills the given ``txt`` into the text field found by ``selector``.</doc>
<msg timestamp="20231011 10:08:46.410" level="INFO">Fills the text 'Address 456' in the given field.</msg>
<status status="PASS" starttime="20231011 10:08:46.409" endtime="20231011 10:08:46.424"/>
</kw>
<kw name="Click" library="RPA.Browser.Playwright">
<arg>xpath=//*[@id="preview"]</arg>
<tag>PageContent</tag>
<tag>Setter</tag>
<doc>Simulates mouse click on the element found by ``selector``.</doc>
<status status="PASS" starttime="20231011 10:08:46.424" endtime="20231011 10:08:46.464"/>
</kw>
<kw name="Wait Until Keyword Succeeds" library="BuiltIn">
<arg>5x</arg>
<arg>0.3s</arg>
<arg>Click button and wait for it to disappear</arg>
<arg>xpath=//*[@id="order"]</arg>
<doc>Runs the specified keyword and retries if it fails.</doc>
<kw name="Click button and wait for it to disappear">
<arg>xpath=//*[@id="order"]</arg>
<kw name="Click" library="RPA.Browser.Playwright">
<arg>${selector}</arg>
<tag>PageContent</tag>
<tag>Setter</tag>
<doc>Simulates mouse click on the element found by ``selector``.</doc>
<status status="PASS" starttime="20231011 10:08:46.466" endtime="20231011 10:08:46.520"/>
</kw>
<kw name="Wait For Elements State" library="RPA.Browser.Playwright">
<arg>${selector}</arg>
<arg>detached</arg>
<arg>0.5s</arg>
<tag>PageContent</tag>
<tag>Wait</tag>
<doc>Waits for the element found by ``selector`` to satisfy state option.</doc>
<msg timestamp="20231011 10:08:46.521" level="INFO">Waited for Element with selector xpath=//*[@id="order"] at state detached</msg>
<status status="PASS" starttime="20231011 10:08:46.520" endtime="20231011 10:08:46.521"/>
</kw>
<status status="PASS" starttime="20231011 10:08:46.466" endtime="20231011 10:08:46.521"/>
</kw>
<status status="PASS" starttime="20231011 10:08:46.465" endtime="20231011 10:08:46.521"/>
</kw>
<status status="PASS" starttime="20231011 10:08:46.331" endtime="20231011 10:08:46.521"/>
</kw>
<kw name="Save receipt as PDF and append robot image">
<arg>${order_row}[Order number]</arg>
<kw name="Wait For Elements State" library="RPA.Browser.Playwright">
<arg>${RECEIPT_ELEMENT}</arg>
<arg>visible</arg>
<tag>PageContent</tag>
<tag>Wait</tag>
<doc>Waits for the element found by ``selector`` to satisfy state option.</doc>
<msg timestamp="20231011 10:08:46.536" level="INFO">Waited for Element with selector xpath=//*[@id="receipt"] at state visible</msg>
<status status="PASS" starttime="20231011 10:08:46.530" endtime="20231011 10:08:46.537"/>
</kw>
<kw name="Get Property" library="RPA.Browser.Playwright">
<var>${receipt_html}</var>
<arg>${RECEIPT_ELEMENT}</arg>
<arg>outerHTML</arg>
<tag>Assertion</tag>
<tag>Getter</tag>
<tag>PageContent</tag>
<doc>Returns the ``property`` of the element found by ``selector``.</doc>
<msg timestamp="20231011 10:08:46.546" level="INFO">Property: '&lt;div id="receipt" class="alert alert-success" role="alert"&gt;&lt;h3&gt;Receipt&lt;/h3&gt;&lt;div&gt;2023-10-11T07:08:46.508Z&lt;/div&gt;&lt;p class="badge badge-success"&gt;RSB-ROBO-ORDER-3YFNYNL5WK&lt;/p&gt;&lt;p&gt;Address 456&lt;/p&gt;&lt;div id="parts" class="alert alert-light" role="alert"&gt;&lt;div&gt;Head: 4&lt;/div&gt;&lt;div&gt;Body: 1&lt;/div&gt;&lt;div&gt;Legs: 5&lt;/div&gt;&lt;/div&gt;&lt;p&gt;Thank you for your order! We will ship your robot to you as soon as our warehouse robots gather the parts you ordered! You will receive your robot in no time!&lt;/p&gt;&lt;/div&gt;'</msg>
<msg timestamp="20231011 10:08:46.547" level="INFO">${receipt_html} = &lt;div id="receipt" class="alert alert-success" role="alert"&gt;&lt;h3&gt;Receipt&lt;/h3&gt;&lt;div&gt;2023-10-11T07:08:46.508Z&lt;/div&gt;&lt;p class="badge badge-success"&gt;RSB-ROBO-ORDER-3YFNYNL5WK&lt;/p&gt;&lt;p&gt;Address 456&lt;/p&gt;&lt;div id="par...</msg>
<status status="PASS" starttime="20231011 10:08:46.537" endtime="20231011 10:08:46.547"/>
</kw>
<kw name="Html To Pdf" library="RPA.PDF">
<arg>${receipt_html}</arg>
<arg>${RECEIPTS_DIRECTORY}${/}${order_number}.pdf</arg>
<doc>Generate a PDF file from HTML content.</doc>
<msg timestamp="20231011 10:08:46.549" level="INFO">Writing output to file C:\Users\rgkenlii\rpa-privatetesting\receipts\2.pdf</msg>
<msg timestamp="20231011 10:08:46.639" level="INFO">maxp pruned</msg>
<msg timestamp="20231011 10:08:46.639" level="INFO">cmap pruned</msg>
<msg timestamp="20231011 10:08:46.639" level="INFO">post pruned</msg>
<msg timestamp="20231011 10:08:46.639" level="INFO">GDEF dropped</msg>
<msg timestamp="20231011 10:08:46.639" level="INFO">GPOS dropped</msg>
<msg timestamp="20231011 10:08:46.639" level="INFO">GSUB dropped</msg>
<msg timestamp="20231011 10:08:46.644" level="INFO">glyf pruned</msg>
<msg timestamp="20231011 10:08:46.644" level="INFO">Added gid0 to subset</msg>
<msg timestamp="20231011 10:08:46.644" level="INFO">Added first four glyphs to subset</msg>
<msg timestamp="20231011 10:08:46.644" level="INFO">Closing glyph list over 'glyf': 58 glyphs before</msg>
<msg timestamp="20231011 10:08:46.644" level="INFO">Glyph names: ['.notdef', '.null', 'uni0020', 'uni0021', 'uni002D', 'uni002E', 'uni0030', 'uni0031', 'uni0032', 'uni0033', 'uni0034', 'uni0035', 'uni0036', 'uni0037', 'uni0038', 'uni0039', 'uni003A', 'uni0041', 'uni0042', 'uni0044', 'uni0045', 'uni0046', 'uni0048', 'uni004B', 'uni004C', 'uni004E', 'uni004F', 'uni0052', 'uni0053', 'uni0054', 'uni0057', 'uni0059', 'uni005A', 'uni0061', 'uni0062', 'uni0063', 'uni0064', 'uni0065', 'uni0066', 'uni0067', 'uni0068', 'uni0069', 'uni006B', 'uni006C', 'uni006D', 'uni006E', 'uni006F', 'uni0070', 'uni0072', 'uni0073', 'uni0074', 'uni0075', 'uni0076', 'uni0077', 'uni0079', 'uni007B', 'uni007D', 'uni00C4']</msg>
<msg timestamp="20231011 10:08:46.644" level="INFO">Glyph IDs:   [0, 1, 2, 3, 65, 84, 95, 137, 161, 270, 280, 299, 320, 382, 395, 409, 456, 469, 493, 504, 575, 582, 594, 612, 645, 650, 660, 679, 715, 723, 752, 759, 775, 827, 837, 867, 884, 899, 932, 936, 950, 1294, 1295, 1296, 1298, 1299, 1300, 1302, 1303, 1304, 1305, 1329, 1345, 1346, 1361, 1404, 1407, 1681]</msg>
<msg timestamp="20231011 10:08:46.644" level="INFO">Closed glyph list over 'glyf': 58 glyphs after</msg>
<msg timestamp="20231011 10:08:46.644" level="INFO">Glyph names: ['.notdef', '.null', 'uni0020', 'uni0021', 'uni002D', 'uni002E', 'uni0030', 'uni0031', 'uni0032', 'uni0033', 'uni0034', 'uni0035', 'uni0036', 'uni0037', 'uni0038', 'uni0039', 'uni003A', 'uni0041', 'uni0042', 'uni0044', 'uni0045', 'uni0046', 'uni0048', 'uni004B', 'uni004C', 'uni004E', 'uni004F', 'uni0052', 'uni0053', 'uni0054', 'uni0057', 'uni0059', 'uni005A', 'uni0061', 'uni0062', 'uni0063', 'uni0064', 'uni0065', 'uni0066', 'uni0067', 'uni0068', 'uni0069', 'uni006B', 'uni006C', 'uni006D', 'uni006E', 'uni006F', 'uni0070', 'uni0072', 'uni0073', 'uni0074', 'uni0075', 'uni0076', 'uni0077', 'uni0079', 'uni007B', 'uni007D', 'uni00C4']</msg>
<msg timestamp="20231011 10:08:46.644" level="INFO">Glyph IDs:   [0, 1, 2, 3, 65, 84, 95, 137, 161, 270, 280, 299, 320, 382, 395, 409, 456, 469, 493, 504, 575, 582, 594, 612, 645, 650, 660, 679, 715, 723, 752, 759, 775, 827, 837, 867, 884, 899, 932, 936, 950, 1294, 1295, 1296, 1298, 1299, 1300, 1302, 1303, 1304, 1305, 1329, 1345, 1346, 1361, 1404, 1407, 1681]</msg>
<msg timestamp="20231011 10:08:46.644" level="INFO">Retaining 58 glyphs</msg>
<msg timestamp="20231011 10:08:46.644" level="INFO">head subsetting not needed</msg>
<msg timestamp="20231011 10:08:46.644" level="INFO">hhea subsetting not needed</msg>
<msg timestamp="20231011 10:08:46.644" level="INFO">maxp subsetting not needed</msg>
<msg timestamp="20231011 10:08:46.644" level="INFO">OS/2 subsetting not needed</msg>
<msg timestamp="20231011 10:08:46.644" level="INFO">hmtx subsetted</msg>
<msg timestamp="20231011 10:08:46.644" level="INFO">cmap subsetted</msg>
<msg timestamp="20231011 10:08:46.644" level="INFO">prep subsetting not needed</msg>
<msg timestamp="20231011 10:08:46.644" level="INFO">loca subsetting not needed</msg>
<msg timestamp="20231011 10:08:46.644" level="INFO">post subsetted</msg>
<msg timestamp="20231011 10:08:46.644" level="INFO">gasp subsetting not needed</msg>
<msg timestamp="20231011 10:08:46.644" level="INFO">STAT subsetting not needed</msg>
<msg timestamp="20231011 10:08:46.644" level="INFO">name subsetting not needed</msg>
<msg timestamp="20231011 10:08:46.644" level="INFO">glyf subsetted</msg>
<msg timestamp="20231011 10:08:46.644" level="INFO">head pruned</msg>
<msg timestamp="20231011 10:08:46.644" level="INFO">OS/2 Unicode ranges pruned: [0]</msg>
<msg timestamp="20231011 10:08:46.644" level="INFO">glyf pruned</msg>
<msg timestamp="20231011 10:08:46.660" level="INFO">name pruned</msg>
<msg timestamp="20231011 10:08:46.693" level="INFO">maxp pruned</msg>
<msg timestamp="20231011 10:08:46.694" level="INFO">cmap pruned</msg>
<msg timestamp="20231011 10:08:46.694" level="INFO">post pruned</msg>
<msg timestamp="20231011 10:08:46.694" level="INFO">GDEF dropped</msg>
<msg timestamp="20231011 10:08:46.695" level="INFO">GPOS dropped</msg>
<msg timestamp="20231011 10:08:46.695" level="INFO">GSUB dropped</msg>
<msg timestamp="20231011 10:08:46.699" level="INFO">glyf pruned</msg>
<msg timestamp="20231011 10:08:46.700" level="INFO">Added gid0 to subset</msg>
<msg timestamp="20231011 10:08:46.700" level="INFO">Added first four glyphs to subset</msg>
<msg timestamp="20231011 10:08:46.700" level="INFO">Closing glyph list over 'glyf': 19 glyphs before</msg>
<msg timestamp="20231011 10:08:46.700" level="INFO">Glyph names: ['.notdef', '.null', 'uni0020', 'uni0030', 'uni0031', 'uni0032', 'uni0033', 'uni0034', 'uni0035', 'uni0036', 'uni0037', 'uni0038', 'uni0039', 'uni0041', 'uni0062', 'uni006E', 'uni007B', 'uni007D', 'uni00C4']</msg>
<msg timestamp="20231011 10:08:46.701" level="INFO">Glyph IDs:   [0, 1, 2, 3, 575, 759, 1294, 1295, 1296, 1298, 1299, 1300, 1302, 1303, 1304, 1305, 1345, 1346, 1681]</msg>
<msg timestamp="20231011 10:08:46.701" level="INFO">Closed glyph list over 'glyf': 19 glyphs after</msg>
<msg timestamp="20231011 10:08:46.701" level="INFO">Glyph names: ['.notdef', '.null', 'uni0020', 'uni0030', 'uni0031', 'uni0032', 'uni0033', 'uni0034', 'uni0035', 'uni0036', 'uni0037', 'uni0038', 'uni0039', 'uni0041', 'uni0062', 'uni006E', 'uni007B', 'uni007D', 'uni00C4']</msg>
<msg timestamp="20231011 10:08:46.702" level="INFO">Glyph IDs:   [0, 1, 2, 3, 575, 759, 1294, 1295, 1296, 1298, 1299, 1300, 1302, 1303, 1304, 1305, 1345, 1346, 1681]</msg>
<msg timestamp="20231011 10:08:46.702" level="INFO">Retaining 19 glyphs</msg>
<msg timestamp="20231011 10:08:46.703" level="INFO">head subsetting not needed</msg>
<msg timestamp="20231011 10:08:46.703" level="INFO">hhea subsetting not needed</msg>
<msg timestamp="20231011 10:08:46.703" level="INFO">maxp subsetting not needed</msg>
<msg timestamp="20231011 10:08:46.703" level="INFO">OS/2 subsetting not needed</msg>
<msg timestamp="20231011 10:08:46.704" level="INFO">hmtx subsetted</msg>
<msg timestamp="20231011 10:08:46.705" level="INFO">cmap subsetted</msg>
<msg timestamp="20231011 10:08:46.706" level="INFO">prep subsetting not needed</msg>
<msg timestamp="20231011 10:08:46.706" level="INFO">loca subsetting not needed</msg>
<msg timestamp="20231011 10:08:46.706" level="INFO">post subsetted</msg>
<msg timestamp="20231011 10:08:46.706" level="INFO">gasp subsetting not needed</msg>
<msg timestamp="20231011 10:08:46.707" level="INFO">STAT subsetting not needed</msg>
<msg timestamp="20231011 10:08:46.708" level="INFO">name subsetting not needed</msg>
<msg timestamp="20231011 10:08:46.708" level="INFO">glyf subsetted</msg>
<msg timestamp="20231011 10:08:46.709" level="INFO">head pruned</msg>
<msg timestamp="20231011 10:08:46.709" level="INFO">OS/2 Unicode ranges pruned: [0]</msg>
<msg timestamp="20231011 10:08:46.709" level="INFO">glyf pruned</msg>
<msg timestamp="20231011 10:08:46.711" level="INFO">name pruned</msg>
<msg timestamp="20231011 10:08:46.719" level="INFO">maxp pruned</msg>
<msg timestamp="20231011 10:08:46.720" level="INFO">cmap pruned</msg>
<msg timestamp="20231011 10:08:46.720" level="INFO">post pruned</msg>
<msg timestamp="20231011 10:08:46.720" level="INFO">GDEF dropped</msg>
<msg timestamp="20231011 10:08:46.721" level="INFO">GPOS dropped</msg>
<msg timestamp="20231011 10:08:46.721" level="INFO">GSUB dropped</msg>
<msg timestamp="20231011 10:08:46.724" level="INFO">glyf pruned</msg>
<msg timestamp="20231011 10:08:46.726" level="INFO">Added gid0 to subset</msg>
<msg timestamp="20231011 10:08:46.726" level="INFO">Added first four glyphs to subset</msg>
<msg timestamp="20231011 10:08:46.726" level="INFO">Closing glyph list over 'glyf': 18 glyphs before</msg>
<msg timestamp="20231011 10:08:46.726" level="INFO">Glyph names: ['.notdef', '.null', 'uni0020', 'uni0030', 'uni0031', 'uni0032', 'uni0033', 'uni0034', 'uni0035', 'uni0036', 'uni0037', 'uni0038', 'uni0039', 'uni0062', 'uni006E', 'uni007B', 'uni007D', 'uni00A0']</msg>
<msg timestamp="20231011 10:08:46.726" level="INFO">Glyph IDs:   [0, 1, 2, 3, 544, 727, 1256, 1257, 1258, 1260, 1261, 1262, 1264, 1265, 1266, 1267, 1307, 1308]</msg>
<msg timestamp="20231011 10:08:46.726" level="INFO">Closed glyph list over 'glyf': 18 glyphs after</msg>
<msg timestamp="20231011 10:08:46.727" level="INFO">Glyph names: ['.notdef', '.null', 'uni0020', 'uni0030', 'uni0031', 'uni0032', 'uni0033', 'uni0034', 'uni0035', 'uni0036', 'uni0037', 'uni0038', 'uni0039', 'uni0062', 'uni006E', 'uni007B', 'uni007D', 'uni00A0']</msg>
<msg timestamp="20231011 10:08:46.727" level="INFO">Glyph IDs:   [0, 1, 2, 3, 544, 727, 1256, 1257, 1258, 1260, 1261, 1262, 1264, 1265, 1266, 1267, 1307, 1308]</msg>
<msg timestamp="20231011 10:08:46.727" level="INFO">Retaining 18 glyphs</msg>
<msg timestamp="20231011 10:08:46.727" level="INFO">head subsetting not needed</msg>
<msg timestamp="20231011 10:08:46.727" level="INFO">hhea subsetting not needed</msg>
<msg timestamp="20231011 10:08:46.727" level="INFO">maxp subsetting not needed</msg>
<msg timestamp="20231011 10:08:46.728" level="INFO">OS/2 subsetting not needed</msg>
<msg timestamp="20231011 10:08:46.728" level="INFO">hmtx subsetted</msg>
<msg timestamp="20231011 10:08:46.728" level="INFO">cmap subsetted</msg>
<msg timestamp="20231011 10:08:46.729" level="INFO">loca subsetting not needed</msg>
<msg timestamp="20231011 10:08:46.729" level="INFO">post subsetted</msg>
<msg timestamp="20231011 10:08:46.729" level="INFO">name subsetting not needed</msg>
<msg timestamp="20231011 10:08:46.729" level="INFO">glyf subsetted</msg>
<msg timestamp="20231011 10:08:46.730" level="INFO">head pruned</msg>
<msg timestamp="20231011 10:08:46.730" level="INFO">OS/2 Unicode ranges pruned: [0]</msg>
<msg timestamp="20231011 10:08:46.730" level="INFO">glyf pruned</msg>
<msg timestamp="20231011 10:08:46.731" level="INFO">name pruned</msg>
<msg timestamp="20231011 10:08:46.737" level="INFO">maxp pruned</msg>
<msg timestamp="20231011 10:08:46.738" level="INFO">cmap pruned</msg>
<msg timestamp="20231011 10:08:46.738" level="INFO">post pruned</msg>
<msg timestamp="20231011 10:08:46.738" level="INFO">GDEF dropped</msg>
<msg timestamp="20231011 10:08:46.739" level="INFO">GPOS dropped</msg>
<msg timestamp="20231011 10:08:46.739" level="INFO">GSUB dropped</msg>
<msg timestamp="20231011 10:08:46.742" level="INFO">glyf pruned</msg>
<msg timestamp="20231011 10:08:46.744" level="INFO">Added gid0 to subset</msg>
<msg timestamp="20231011 10:08:46.744" level="INFO">Added first four glyphs to subset</msg>
<msg timestamp="20231011 10:08:46.744" level="INFO">Closing glyph list over 'glyf': 18 glyphs before</msg>
<msg timestamp="20231011 10:08:46.744" level="INFO">Glyph names: ['.notdef', '.null', 'uni0020', 'uni0030', 'uni0031', 'uni0032', 'uni0033', 'uni0034', 'uni0035', 'uni0036', 'uni0037', 'uni0038', 'uni0039', 'uni0062', 'uni006E', 'uni007B', 'uni007D', 'uni00A0']</msg>
<msg timestamp="20231011 10:08:46.745" level="INFO">Glyph IDs:   [0, 1, 2, 3, 544, 727, 1256, 1257, 1258, 1260, 1261, 1262, 1264, 1265, 1266, 1267, 1307, 1308]</msg>
<msg timestamp="20231011 10:08:46.745" level="INFO">Closed glyph list over 'glyf': 18 glyphs after</msg>
<msg timestamp="20231011 10:08:46.745" level="INFO">Glyph names: ['.notdef', '.null', 'uni0020', 'uni0030', 'uni0031', 'uni0032', 'uni0033', 'uni0034', 'uni0035', 'uni0036', 'uni0037', 'uni0038', 'uni0039', 'uni0062', 'uni006E', 'uni007B', 'uni007D', 'uni00A0']</msg>
<msg timestamp="20231011 10:08:46.745" level="INFO">Glyph IDs:   [0, 1, 2, 3, 544, 727, 1256, 1257, 1258, 1260, 1261, 1262, 1264, 1265, 1266, 1267, 1307, 1308]</msg>
<msg timestamp="20231011 10:08:46.745" level="INFO">Retaining 18 glyphs</msg>
<msg timestamp="20231011 10:08:46.745" level="INFO">head subsetting not needed</msg>
<msg timestamp="20231011 10:08:46.745" level="INFO">hhea subsetting not needed</msg>
<msg timestamp="20231011 10:08:46.746" level="INFO">maxp subsetting not needed</msg>
<msg timestamp="20231011 10:08:46.746" level="INFO">OS/2 subsetting not needed</msg>
<msg timestamp="20231011 10:08:46.746" level="INFO">hmtx subsetted</msg>
<msg timestamp="20231011 10:08:46.747" level="INFO">cmap subsetted</msg>
<msg timestamp="20231011 10:08:46.747" level="INFO">loca subsetting not needed</msg>
<msg timestamp="20231011 10:08:46.747" level="INFO">post subsetted</msg>
<msg timestamp="20231011 10:08:46.747" level="INFO">name subsetting not needed</msg>
<msg timestamp="20231011 10:08:46.748" level="INFO">glyf subsetted</msg>
<msg timestamp="20231011 10:08:46.748" level="INFO">head pruned</msg>
<msg timestamp="20231011 10:08:46.748" level="INFO">OS/2 Unicode ranges pruned: [0]</msg>
<msg timestamp="20231011 10:08:46.749" level="INFO">glyf pruned</msg>
<msg timestamp="20231011 10:08:46.749" level="INFO">name pruned</msg>
<status status="PASS" starttime="20231011 10:08:46.548" endtime="20231011 10:08:46.759"/>
</kw>
<kw name="Take Screenshot" library="RPA.Browser.Playwright">
<var>${roboselfie}</var>
<arg>selector=#robot-preview-image</arg>
<tag>PageContent</tag>
<doc>Takes a screenshot of the current window or element and saves it to disk.</doc>
<msg timestamp="20231011 10:08:46.871" level="INFO" html="true">&lt;/td&gt;&lt;/tr&gt;&lt;tr&gt;&lt;td colspan="3"&gt;&lt;a href="browser/screenshot/robotframework-browser-screenshot-2.png" target="_blank"&gt;&lt;img src="browser/screenshot/robotframework-browser-screenshot-2.png" width="800px"/&gt;&lt;/a&gt;</msg>
<msg timestamp="20231011 10:08:46.871" level="INFO">${roboselfie} = C:\Users\rgkenlii\rpa-privatetesting\browser\screenshot\robotframework-browser-screenshot-2.png</msg>
<status status="PASS" starttime="20231011 10:08:46.759" endtime="20231011 10:08:46.871"/>
</kw>
<kw name="Create List" library="BuiltIn">
<var>${files_to_append}</var>
<arg>${roboselfie}</arg>
<doc>Returns a list containing given items.</doc>
<msg timestamp="20231011 10:08:46.871" level="INFO">${files_to_append} = ['C:\\Users\\rgkenlii\\rpa-privatetesting\\browser\\screenshot\\robotframework-browser-screenshot-2.png']</msg>
<status status="PASS" starttime="20231011 10:08:46.871" endtime="20231011 10:08:46.871"/>
</kw>
<kw name="Log" library="BuiltIn">
<arg>${roboselfie}</arg>
<doc>Logs the given message with the given level.</doc>
<msg timestamp="20231011 10:08:46.871" level="INFO">C:\Users\rgkenlii\rpa-privatetesting\browser\screenshot\robotframework-browser-screenshot-2.png</msg>
<status status="PASS" starttime="20231011 10:08:46.871" endtime="20231011 10:08:46.871"/>
</kw>
<kw name="Add Files To Pdf" library="RPA.PDF">
<arg>${files_to_append}</arg>
<arg>${RECEIPTS_DIRECTORY}${/}${order_number}.pdf</arg>
<arg>append=True</arg>
<doc>Add images and/or pdfs to new PDF document.</doc>
<msg timestamp="20231011 10:08:46.891" level="INFO">Adding page: 0</msg>
<msg timestamp="20231011 10:08:46.896" level="INFO">File C:\Users\rgkenlii\rpa-privatetesting\browser\screenshot\robotframework-browser-screenshot-2.png type: png</msg>
<msg timestamp="20231011 10:08:46.896" level="INFO">Image parameters: {}</msg>
<status status="PASS" starttime="20231011 10:08:46.871" endtime="20231011 10:08:46.924"/>
</kw>
<status status="PASS" starttime="20231011 10:08:46.521" endtime="20231011 10:08:46.925"/>
</kw>
<kw name="Close Page" library="RPA.Browser.Playwright">
<tag>BrowserControl</tag>
<tag>Setter</tag>
<doc>Closes the ``page`` in ``context`` in ``browser``.</doc>
<msg timestamp="20231011 10:08:46.929" level="INFO">[
  {
    "type": "chromium",
    "id": "browser=c10a25e6-0369-4d43-af72-77f3802fb738",
    "contexts": [
      {
        "type": "context",
        "id": "context=206ff03a-f1f0-40f6-9060-9ab95de61d5e",
        "activePage": "page=714a7f99-713f-4687-9ed3-f731044da90b",
        "pages": [
          {
            "type": "page",
            "title": "RobotSpareBin Industries Inc. - Intranet",
            "url": "https://robotsparebinindustries.com/#/robot-order",
            "id": "page=714a7f99-713f-4687-9ed3-f731044da90b",
            "timestamp": 1697008126.15
          }
        ]
      }
    ],
    "activeContext": "context=206ff03a-f1f0-40f6-9060-9ab95de61d5e",
    "activeBrowser": true
  }
]</msg>
<msg timestamp="20231011 10:08:46.929" level="INFO">Switching browser to CURRENT</msg>
<msg timestamp="20231011 10:08:46.931" level="INFO">Returned active browser id</msg>
<msg timestamp="20231011 10:08:46.932" level="INFO">Switching browser to browser=c10a25e6-0369-4d43-af72-77f3802fb738</msg>
<msg timestamp="20231011 10:08:46.935" level="INFO">Successfully changed active browser</msg>
<msg timestamp="20231011 10:08:46.936" level="INFO">Switching context to CURRENT in CURRENT</msg>
<msg timestamp="20231011 10:08:46.938" level="INFO">Returned active context id</msg>
<msg timestamp="20231011 10:08:46.938" level="INFO">Switching context to context=206ff03a-f1f0-40f6-9060-9ab95de61d5e in CURRENT</msg>
<msg timestamp="20231011 10:08:46.942" level="INFO">[
  {
    "type": "chromium",
    "id": "browser=c10a25e6-0369-4d43-af72-77f3802fb738",
    "contexts": [
      {
        "type": "context",
        "id": "context=206ff03a-f1f0-40f6-9060-9ab95de61d5e",
        "activePage": "page=714a7f99-713f-4687-9ed3-f731044da90b",
        "pages": [
          {
            "type": "page",
            "title": "RobotSpareBin Industries Inc. - Intranet",
            "url": "https://robotsparebinindustries.com/#/robot-order",
            "id": "page=714a7f99-713f-4687-9ed3-f731044da90b",
            "timestamp": 1697008126.15
          }
        ]
      }
    ],
    "activeContext": "context=206ff03a-f1f0-40f6-9060-9ab95de61d5e",
    "activeBrowser": true
  }
]</msg>
<msg timestamp="20231011 10:08:46.944" level="INFO">Successfully changed active context</msg>
<msg timestamp="20231011 10:08:46.952" level="INFO">Successfully closed Page</msg>
<status status="PASS" starttime="20231011 10:08:46.925" endtime="20231011 10:08:46.953"/>
</kw>
<status status="PASS" starttime="20231011 10:08:46.048" endtime="20231011 10:08:46.953"/>
</iter>
<iter>
<var name="${order_row}">{'Order number': '3', 'Head': '6', 'Body': '2', 'Legs': '3', 'Address': 'Address 789'}</var>
<kw name="Log" library="BuiltIn">
<arg>${order_row}</arg>
<doc>Logs the given message with the given level.</doc>
<msg timestamp="20231011 10:08:46.954" level="INFO">{'Order number': '3', 'Head': '6', 'Body': '2', 'Legs': '3', 'Address': 'Address 789'}</msg>
<status status="PASS" starttime="20231011 10:08:46.954" endtime="20231011 10:08:46.955"/>
</kw>
<kw name="Open robot order website">
<kw name="New Browser" library="RPA.Browser.Playwright">
<arg>headless=False</arg>
<tag>BrowserControl</tag>
<tag>Setter</tag>
<doc>Create a new playwright Browser with specified options.</doc>
<msg timestamp="20231011 10:08:46.956" level="INFO">Switching browser to browser=c10a25e6-0369-4d43-af72-77f3802fb738</msg>
<msg timestamp="20231011 10:08:46.958" level="INFO">Successfully changed active browser</msg>
<msg timestamp="20231011 10:08:46.958" level="INFO">Reusing existing browser with id: browser=c10a25e6-0369-4d43-af72-77f3802fb738</msg>
<status status="PASS" starttime="20231011 10:08:46.955" endtime="20231011 10:08:46.959"/>
</kw>
<kw name="New Page" library="RPA.Browser.Playwright">
<arg>https://robotsparebinindustries.com/#/robot-order</arg>
<tag>BrowserControl</tag>
<tag>Setter</tag>
<doc>Open a new Page.</doc>
<msg timestamp="20231011 10:08:47.117" level="INFO">Successfully initialized new page object and opened url: https://robotsparebinindustries.com/#/robot-order</msg>
<status status="PASS" starttime="20231011 10:08:46.959" endtime="20231011 10:08:47.117"/>
</kw>
<status status="PASS" starttime="20231011 10:08:46.955" endtime="20231011 10:08:47.118"/>
</kw>
<kw name="Close the modal">
<kw name="Click" library="RPA.Browser.Playwright">
<arg>xpath=//*[@id="root"]/div/div[2]/div/div/div/div/div/button[1]</arg>
<tag>PageContent</tag>
<tag>Setter</tag>
<doc>Simulates mouse click on the element found by ``selector``.</doc>
<status status="PASS" starttime="20231011 10:08:47.118" endtime="20231011 10:08:47.251"/>
</kw>
<status status="PASS" starttime="20231011 10:08:47.118" endtime="20231011 10:08:47.251"/>
</kw>
<kw name="Fill the form">
<arg>${order_row}[Head]</arg>
<arg>${order_row}[Body]</arg>
<arg>${order_row}[Legs]</arg>
<arg>${order_row}[Address]</arg>
<kw name="Select Options By" library="RPA.Browser.Playwright">
<arg>xpath=//*[@id="head"]</arg>
<arg>value</arg>
<arg>${head_option}</arg>
<tag>PageContent</tag>
<tag>Setter</tag>
<doc>Selects options from select element found by ``selector``.</doc>
<status status="PASS" starttime="20231011 10:08:47.252" endtime="20231011 10:08:47.276"/>
</kw>
<kw name="Click" library="RPA.Browser.Playwright">
<arg>id=id-body-${body_option}</arg>
<tag>PageContent</tag>
<tag>Setter</tag>
<doc>Simulates mouse click on the element found by ``selector``.</doc>
<status status="PASS" starttime="20231011 10:08:47.276" endtime="20231011 10:08:47.307"/>
</kw>
<kw name="Fill Text" library="RPA.Browser.Playwright">
<arg>xpath=/html/body/div/div/div[1]/div/div[1]/form/div[3]/input</arg>
<arg>${legs_option}</arg>
<tag>PageContent</tag>
<tag>Setter</tag>
<doc>Clears and fills the given ``txt`` into the text field found by ``selector``.</doc>
<msg timestamp="20231011 10:08:47.308" level="INFO">Fills the text '3' in the given field.</msg>
<status status="PASS" starttime="20231011 10:08:47.307" endtime="20231011 10:08:47.321"/>
</kw>
<kw name="Fill Text" library="RPA.Browser.Playwright">
<arg>xpath=//*[@id="address"]</arg>
<arg>${address}</arg>
<tag>PageContent</tag>
<tag>Setter</tag>
<doc>Clears and fills the given ``txt`` into the text field found by ``selector``.</doc>
<msg timestamp="20231011 10:08:47.322" level="INFO">Fills the text 'Address 789' in the given field.</msg>
<status status="PASS" starttime="20231011 10:08:47.322" endtime="20231011 10:08:47.339"/>
</kw>
<kw name="Click" library="RPA.Browser.Playwright">
<arg>xpath=//*[@id="preview"]</arg>
<tag>PageContent</tag>
<tag>Setter</tag>
<doc>Simulates mouse click on the element found by ``selector``.</doc>
<status status="PASS" starttime="20231011 10:08:47.339" endtime="20231011 10:08:47.380"/>
</kw>
<kw name="Wait Until Keyword Succeeds" library="BuiltIn">
<arg>5x</arg>
<arg>0.3s</arg>
<arg>Click button and wait for it to disappear</arg>
<arg>xpath=//*[@id="order"]</arg>
<doc>Runs the specified keyword and retries if it fails.</doc>
<kw name="Click button and wait for it to disappear">
<arg>xpath=//*[@id="order"]</arg>
<kw name="Click" library="RPA.Browser.Playwright">
<arg>${selector}</arg>
<tag>PageContent</tag>
<tag>Setter</tag>
<doc>Simulates mouse click on the element found by ``selector``.</doc>
<status status="PASS" starttime="20231011 10:08:47.381" endtime="20231011 10:08:47.436"/>
</kw>
<kw name="Wait For Elements State" library="RPA.Browser.Playwright">
<arg>${selector}</arg>
<arg>detached</arg>
<arg>0.5s</arg>
<tag>PageContent</tag>
<tag>Wait</tag>
<doc>Waits for the element found by ``selector`` to satisfy state option.</doc>
<msg timestamp="20231011 10:08:48.084" level="INFO" html="true">&lt;/td&gt;&lt;/tr&gt;&lt;tr&gt;&lt;td colspan="3"&gt;&lt;a href="browser/screenshot/fail-screenshot-1.png" target="_blank"&gt;&lt;img src="browser/screenshot/fail-screenshot-1.png" width="800px"/&gt;&lt;/a&gt;</msg>
<msg timestamp="20231011 10:08:48.085" level="INFO">See also file:///C:/Users/rgkenlii/rpa-privatetesting/playwright-log.txt for additional details.</msg>
<msg timestamp="20231011 10:08:48.085" level="FAIL">TimeoutError: locator.waitFor: Timeout 500ms exceeded.
=========================== logs ===========================
waiting for locator('xpath=//*[@id="order"]') to be detached
  locator resolved to visible &lt;button id="order" type="submit" class="btn btn-primary"&gt;Order&lt;/button&gt;
  locator resolved to visible &lt;button id="order" type="submit" class="btn btn-primary"&gt;Order&lt;/button&gt;
  locator resolved to visible &lt;button id="order" type="submit" class="btn btn-primary"&gt;Order&lt;/button&gt;
  locator resolved to visible &lt;button id="order" type="submit" class="btn btn-primary"&gt;Order&lt;/button&gt;
  locator resolved to visible &lt;button id="order" type="submit" class="btn btn-primary"&gt;Order&lt;/button&gt;
  locator resolved to visible &lt;button id="order" type="submit" class="btn btn-primary"&gt;Order&lt;/button&gt;
============================================================
Tip: Use "Set Browser Timeout" for increasing the timeout or double check your locator as the targeted element(s) couldn't be found.</msg>
<status status="FAIL" starttime="20231011 10:08:47.436" endtime="20231011 10:08:48.088"/>
</kw>
<status status="FAIL" starttime="20231011 10:08:47.381" endtime="20231011 10:08:48.088"/>
</kw>
<kw name="Click button and wait for it to disappear">
<arg>xpath=//*[@id="order"]</arg>
<kw name="Click" library="RPA.Browser.Playwright">
<arg>${selector}</arg>
<tag>PageContent</tag>
<tag>Setter</tag>
<doc>Simulates mouse click on the element found by ``selector``.</doc>
<status status="PASS" starttime="20231011 10:08:48.398" endtime="20231011 10:08:48.449"/>
</kw>
<kw name="Wait For Elements State" library="RPA.Browser.Playwright">
<arg>${selector}</arg>
<arg>detached</arg>
<arg>0.5s</arg>
<tag>PageContent</tag>
<tag>Wait</tag>
<doc>Waits for the element found by ``selector`` to satisfy state option.</doc>
<msg timestamp="20231011 10:08:48.450" level="INFO">Waited for Element with selector xpath=//*[@id="order"] at state detached</msg>
<status status="PASS" starttime="20231011 10:08:48.450" endtime="20231011 10:08:48.450"/>
</kw>
<status status="PASS" starttime="20231011 10:08:48.398" endtime="20231011 10:08:48.450"/>
</kw>
<status status="PASS" starttime="20231011 10:08:47.380" endtime="20231011 10:08:48.450"/>
</kw>
<status status="PASS" starttime="20231011 10:08:47.252" endtime="20231011 10:08:48.450"/>
</kw>
<kw name="Save receipt as PDF and append robot image">
<arg>${order_row}[Order number]</arg>
<kw name="Wait For Elements State" library="RPA.Browser.Playwright">
<arg>${RECEIPT_ELEMENT}</arg>
<arg>visible</arg>
<tag>PageContent</tag>
<tag>Wait</tag>
<doc>Waits for the element found by ``selector`` to satisfy state option.</doc>
<msg timestamp="20231011 10:08:48.450" level="INFO">Waited for Element with selector xpath=//*[@id="receipt"] at state visible</msg>
<status status="PASS" starttime="20231011 10:08:48.450" endtime="20231011 10:08:48.450"/>
</kw>
<kw name="Get Property" library="RPA.Browser.Playwright">
<var>${receipt_html}</var>
<arg>${RECEIPT_ELEMENT}</arg>
<arg>outerHTML</arg>
<tag>Assertion</tag>
<tag>Getter</tag>
<tag>PageContent</tag>
<doc>Returns the ``property`` of the element found by ``selector``.</doc>
<msg timestamp="20231011 10:08:48.470" level="INFO">Property: '&lt;div id="receipt" class="alert alert-success" role="alert"&gt;&lt;h3&gt;Receipt&lt;/h3&gt;&lt;div&gt;2023-10-11T07:08:48.439Z&lt;/div&gt;&lt;p class="badge badge-success"&gt;RSB-ROBO-ORDER-VB238C8ZO3&lt;/p&gt;&lt;p&gt;Address 789&lt;/p&gt;&lt;div id="parts" class="alert alert-light" role="alert"&gt;&lt;div&gt;Head: 6&lt;/div&gt;&lt;div&gt;Body: 2&lt;/div&gt;&lt;div&gt;Legs: 3&lt;/div&gt;&lt;/div&gt;&lt;p&gt;Thank you for your order! We will ship your robot to you as soon as our warehouse robots gather the parts you ordered! You will receive your robot in no time!&lt;/p&gt;&lt;/div&gt;'</msg>
<msg timestamp="20231011 10:08:48.470" level="INFO">${receipt_html} = &lt;div id="receipt" class="alert alert-success" role="alert"&gt;&lt;h3&gt;Receipt&lt;/h3&gt;&lt;div&gt;2023-10-11T07:08:48.439Z&lt;/div&gt;&lt;p class="badge badge-success"&gt;RSB-ROBO-ORDER-VB238C8ZO3&lt;/p&gt;&lt;p&gt;Address 789&lt;/p&gt;&lt;div id="par...</msg>
<status status="PASS" starttime="20231011 10:08:48.462" endtime="20231011 10:08:48.470"/>
</kw>
<kw name="Html To Pdf" library="RPA.PDF">
<arg>${receipt_html}</arg>
<arg>${RECEIPTS_DIRECTORY}${/}${order_number}.pdf</arg>
<doc>Generate a PDF file from HTML content.</doc>
<msg timestamp="20231011 10:08:48.472" level="INFO">Writing output to file C:\Users\rgkenlii\rpa-privatetesting\receipts\3.pdf</msg>
<msg timestamp="20231011 10:08:48.543" level="INFO">maxp pruned</msg>
<msg timestamp="20231011 10:08:48.543" level="INFO">cmap pruned</msg>
<msg timestamp="20231011 10:08:48.543" level="INFO">post pruned</msg>
<msg timestamp="20231011 10:08:48.543" level="INFO">GDEF dropped</msg>
<msg timestamp="20231011 10:08:48.543" level="INFO">GPOS dropped</msg>
<msg timestamp="20231011 10:08:48.543" level="INFO">GSUB dropped</msg>
<msg timestamp="20231011 10:08:48.543" level="INFO">glyf pruned</msg>
<msg timestamp="20231011 10:08:48.543" level="INFO">Added gid0 to subset</msg>
<msg timestamp="20231011 10:08:48.543" level="INFO">Added first four glyphs to subset</msg>
<msg timestamp="20231011 10:08:48.543" level="INFO">Closing glyph list over 'glyf': 57 glyphs before</msg>
<msg timestamp="20231011 10:08:48.543" level="INFO">Glyph names: ['.notdef', '.null', 'uni0020', 'uni0021', 'uni002D', 'uni002E', 'uni0030', 'uni0031', 'uni0032', 'uni0033', 'uni0034', 'uni0035', 'uni0036', 'uni0037', 'uni0038', 'uni0039', 'uni003A', 'uni0041', 'uni0042', 'uni0043', 'uni0044', 'uni0045', 'uni0048', 'uni004C', 'uni004F', 'uni0052', 'uni0053', 'uni0054', 'uni0056', 'uni0057', 'uni0059', 'uni005A', 'uni0061', 'uni0062', 'uni0063', 'uni0064', 'uni0065', 'uni0066', 'uni0067', 'uni0068', 'uni0069', 'uni006B', 'uni006C', 'uni006D', 'uni006E', 'uni006F', 'uni0070', 'uni0072', 'uni0073', 'uni0074', 'uni0075', 'uni0076', 'uni0077', 'uni0079', 'uni007B', 'uni007D', 'uni00C4']</msg>
<msg timestamp="20231011 10:08:48.543" level="INFO">Glyph IDs:   [0, 1, 2, 3, 65, 73, 84, 95, 161, 280, 320, 382, 395, 409, 453, 456, 469, 493, 504, 575, 582, 594, 612, 645, 650, 660, 679, 715, 723, 752, 759, 775, 827, 837, 867, 884, 899, 932, 936, 950, 1294, 1295, 1296, 1298, 1299, 1300, 1302, 1303, 1304, 1305, 1329, 1345, 1346, 1361, 1404, 1407, 1681]</msg>
<msg timestamp="20231011 10:08:48.543" level="INFO">Closed glyph list over 'glyf': 57 glyphs after</msg>
<msg timestamp="20231011 10:08:48.543" level="INFO">Glyph names: ['.notdef', '.null', 'uni0020', 'uni0021', 'uni002D', 'uni002E', 'uni0030', 'uni0031', 'uni0032', 'uni0033', 'uni0034', 'uni0035', 'uni0036', 'uni0037', 'uni0038', 'uni0039', 'uni003A', 'uni0041', 'uni0042', 'uni0043', 'uni0044', 'uni0045', 'uni0048', 'uni004C', 'uni004F', 'uni0052', 'uni0053', 'uni0054', 'uni0056', 'uni0057', 'uni0059', 'uni005A', 'uni0061', 'uni0062', 'uni0063', 'uni0064', 'uni0065', 'uni0066', 'uni0067', 'uni0068', 'uni0069', 'uni006B', 'uni006C', 'uni006D', 'uni006E', 'uni006F', 'uni0070', 'uni0072', 'uni0073', 'uni0074', 'uni0075', 'uni0076', 'uni0077', 'uni0079', 'uni007B', 'uni007D', 'uni00C4']</msg>
<msg timestamp="20231011 10:08:48.543" level="INFO">Glyph IDs:   [0, 1, 2, 3, 65, 73, 84, 95, 161, 280, 320, 382, 395, 409, 453, 456, 469, 493, 504, 575, 582, 594, 612, 645, 650, 660, 679, 715, 723, 752, 759, 775, 827, 837, 867, 884, 899, 932, 936, 950, 1294, 1295, 1296, 1298, 1299, 1300, 1302, 1303, 1304, 1305, 1329, 1345, 1346, 1361, 1404, 1407, 1681]</msg>
<msg timestamp="20231011 10:08:48.543" level="INFO">Retaining 57 glyphs</msg>
<msg timestamp="20231011 10:08:48.543" level="INFO">head subsetting not needed</msg>
<msg timestamp="20231011 10:08:48.543" level="INFO">hhea subsetting not needed</msg>
<msg timestamp="20231011 10:08:48.543" level="INFO">maxp subsetting not needed</msg>
<msg timestamp="20231011 10:08:48.543" level="INFO">OS/2 subsetting not needed</msg>
<msg timestamp="20231011 10:08:48.543" level="INFO">hmtx subsetted</msg>
<msg timestamp="20231011 10:08:48.543" level="INFO">cmap subsetted</msg>
<msg timestamp="20231011 10:08:48.543" level="INFO">prep subsetting not needed</msg>
<msg timestamp="20231011 10:08:48.543" level="INFO">loca subsetting not needed</msg>
<msg timestamp="20231011 10:08:48.543" level="INFO">post subsetted</msg>
<msg timestamp="20231011 10:08:48.543" level="INFO">gasp subsetting not needed</msg>
<msg timestamp="20231011 10:08:48.543" level="INFO">STAT subsetting not needed</msg>
<msg timestamp="20231011 10:08:48.543" level="INFO">name subsetting not needed</msg>
<msg timestamp="20231011 10:08:48.543" level="INFO">glyf subsetted</msg>
<msg timestamp="20231011 10:08:48.543" level="INFO">head pruned</msg>
<msg timestamp="20231011 10:08:48.543" level="INFO">OS/2 Unicode ranges pruned: [0]</msg>
<msg timestamp="20231011 10:08:48.543" level="INFO">glyf pruned</msg>
<msg timestamp="20231011 10:08:48.559" level="INFO">name pruned</msg>
<msg timestamp="20231011 10:08:48.584" level="INFO">maxp pruned</msg>
<msg timestamp="20231011 10:08:48.584" level="INFO">cmap pruned</msg>
<msg timestamp="20231011 10:08:48.585" level="INFO">post pruned</msg>
<msg timestamp="20231011 10:08:48.585" level="INFO">GDEF dropped</msg>
<msg timestamp="20231011 10:08:48.585" level="INFO">GPOS dropped</msg>
<msg timestamp="20231011 10:08:48.585" level="INFO">GSUB dropped</msg>
<msg timestamp="20231011 10:08:48.589" level="INFO">glyf pruned</msg>
<msg timestamp="20231011 10:08:48.590" level="INFO">Added gid0 to subset</msg>
<msg timestamp="20231011 10:08:48.591" level="INFO">Added first four glyphs to subset</msg>
<msg timestamp="20231011 10:08:48.591" level="INFO">Closing glyph list over 'glyf': 19 glyphs before</msg>
<msg timestamp="20231011 10:08:48.591" level="INFO">Glyph names: ['.notdef', '.null', 'uni0020', 'uni0030', 'uni0031', 'uni0032', 'uni0033', 'uni0034', 'uni0035', 'uni0036', 'uni0037', 'uni0038', 'uni0039', 'uni0041', 'uni0062', 'uni006E', 'uni007B', 'uni007D', 'uni00C4']</msg>
<msg timestamp="20231011 10:08:48.593" level="INFO">Glyph IDs:   [0, 1, 2, 3, 575, 759, 1294, 1295, 1296, 1298, 1299, 1300, 1302, 1303, 1304, 1305, 1345, 1346, 1681]</msg>
<msg timestamp="20231011 10:08:48.593" level="INFO">Closed glyph list over 'glyf': 19 glyphs after</msg>
<msg timestamp="20231011 10:08:48.593" level="INFO">Glyph names: ['.notdef', '.null', 'uni0020', 'uni0030', 'uni0031', 'uni0032', 'uni0033', 'uni0034', 'uni0035', 'uni0036', 'uni0037', 'uni0038', 'uni0039', 'uni0041', 'uni0062', 'uni006E', 'uni007B', 'uni007D', 'uni00C4']</msg>
<msg timestamp="20231011 10:08:48.594" level="INFO">Glyph IDs:   [0, 1, 2, 3, 575, 759, 1294, 1295, 1296, 1298, 1299, 1300, 1302, 1303, 1304, 1305, 1345, 1346, 1681]</msg>
<msg timestamp="20231011 10:08:48.594" level="INFO">Retaining 19 glyphs</msg>
<msg timestamp="20231011 10:08:48.595" level="INFO">head subsetting not needed</msg>
<msg timestamp="20231011 10:08:48.595" level="INFO">hhea subsetting not needed</msg>
<msg timestamp="20231011 10:08:48.595" level="INFO">maxp subsetting not needed</msg>
<msg timestamp="20231011 10:08:48.595" level="INFO">OS/2 subsetting not needed</msg>
<msg timestamp="20231011 10:08:48.596" level="INFO">hmtx subsetted</msg>
<msg timestamp="20231011 10:08:48.597" level="INFO">cmap subsetted</msg>
<msg timestamp="20231011 10:08:48.598" level="INFO">prep subsetting not needed</msg>
<msg timestamp="20231011 10:08:48.598" level="INFO">loca subsetting not needed</msg>
<msg timestamp="20231011 10:08:48.598" level="INFO">post subsetted</msg>
<msg timestamp="20231011 10:08:48.598" level="INFO">gasp subsetting not needed</msg>
<msg timestamp="20231011 10:08:48.599" level="INFO">STAT subsetting not needed</msg>
<msg timestamp="20231011 10:08:48.599" level="INFO">name subsetting not needed</msg>
<msg timestamp="20231011 10:08:48.600" level="INFO">glyf subsetted</msg>
<msg timestamp="20231011 10:08:48.600" level="INFO">head pruned</msg>
<msg timestamp="20231011 10:08:48.601" level="INFO">OS/2 Unicode ranges pruned: [0]</msg>
<msg timestamp="20231011 10:08:48.601" level="INFO">glyf pruned</msg>
<msg timestamp="20231011 10:08:48.603" level="INFO">name pruned</msg>
<msg timestamp="20231011 10:08:48.613" level="INFO">maxp pruned</msg>
<msg timestamp="20231011 10:08:48.613" level="INFO">cmap pruned</msg>
<msg timestamp="20231011 10:08:48.613" level="INFO">post pruned</msg>
<msg timestamp="20231011 10:08:48.614" level="INFO">GDEF dropped</msg>
<msg timestamp="20231011 10:08:48.614" level="INFO">GPOS dropped</msg>
<msg timestamp="20231011 10:08:48.614" level="INFO">GSUB dropped</msg>
<msg timestamp="20231011 10:08:48.618" level="INFO">glyf pruned</msg>
<msg timestamp="20231011 10:08:48.623" level="INFO">Added gid0 to subset</msg>
<msg timestamp="20231011 10:08:48.624" level="INFO">Added first four glyphs to subset</msg>
<msg timestamp="20231011 10:08:48.624" level="INFO">Closing glyph list over 'glyf': 18 glyphs before</msg>
<msg timestamp="20231011 10:08:48.624" level="INFO">Glyph names: ['.notdef', '.null', 'uni0020', 'uni0030', 'uni0031', 'uni0032', 'uni0033', 'uni0034', 'uni0035', 'uni0036', 'uni0037', 'uni0038', 'uni0039', 'uni0062', 'uni006E', 'uni007B', 'uni007D', 'uni00A0']</msg>
<msg timestamp="20231011 10:08:48.624" level="INFO">Glyph IDs:   [0, 1, 2, 3, 544, 727, 1256, 1257, 1258, 1260, 1261, 1262, 1264, 1265, 1266, 1267, 1307, 1308]</msg>
<msg timestamp="20231011 10:08:48.625" level="INFO">Closed glyph list over 'glyf': 18 glyphs after</msg>
<msg timestamp="20231011 10:08:48.625" level="INFO">Glyph names: ['.notdef', '.null', 'uni0020', 'uni0030', 'uni0031', 'uni0032', 'uni0033', 'uni0034', 'uni0035', 'uni0036', 'uni0037', 'uni0038', 'uni0039', 'uni0062', 'uni006E', 'uni007B', 'uni007D', 'uni00A0']</msg>
<msg timestamp="20231011 10:08:48.625" level="INFO">Glyph IDs:   [0, 1, 2, 3, 544, 727, 1256, 1257, 1258, 1260, 1261, 1262, 1264, 1265, 1266, 1267, 1307, 1308]</msg>
<msg timestamp="20231011 10:08:48.626" level="INFO">Retaining 18 glyphs</msg>
<msg timestamp="20231011 10:08:48.626" level="INFO">head subsetting not needed</msg>
<msg timestamp="20231011 10:08:48.626" level="INFO">hhea subsetting not needed</msg>
<msg timestamp="20231011 10:08:48.626" level="INFO">maxp subsetting not needed</msg>
<msg timestamp="20231011 10:08:48.626" level="INFO">OS/2 subsetting not needed</msg>
<msg timestamp="20231011 10:08:48.627" level="INFO">hmtx subsetted</msg>
<msg timestamp="20231011 10:08:48.627" level="INFO">cmap subsetted</msg>
<msg timestamp="20231011 10:08:48.627" level="INFO">loca subsetting not needed</msg>
<msg timestamp="20231011 10:08:48.627" level="INFO">post subsetted</msg>
<msg timestamp="20231011 10:08:48.628" level="INFO">name subsetting not needed</msg>
<msg timestamp="20231011 10:08:48.628" level="INFO">glyf subsetted</msg>
<msg timestamp="20231011 10:08:48.628" level="INFO">head pruned</msg>
<msg timestamp="20231011 10:08:48.629" level="INFO">OS/2 Unicode ranges pruned: [0]</msg>
<msg timestamp="20231011 10:08:48.629" level="INFO">glyf pruned</msg>
<msg timestamp="20231011 10:08:48.629" level="INFO">name pruned</msg>
<msg timestamp="20231011 10:08:48.635" level="INFO">maxp pruned</msg>
<msg timestamp="20231011 10:08:48.635" level="INFO">cmap pruned</msg>
<msg timestamp="20231011 10:08:48.636" level="INFO">post pruned</msg>
<msg timestamp="20231011 10:08:48.636" level="INFO">GDEF dropped</msg>
<msg timestamp="20231011 10:08:48.636" level="INFO">GPOS dropped</msg>
<msg timestamp="20231011 10:08:48.636" level="INFO">GSUB dropped</msg>
<msg timestamp="20231011 10:08:48.639" level="INFO">glyf pruned</msg>
<msg timestamp="20231011 10:08:48.641" level="INFO">Added gid0 to subset</msg>
<msg timestamp="20231011 10:08:48.641" level="INFO">Added first four glyphs to subset</msg>
<msg timestamp="20231011 10:08:48.641" level="INFO">Closing glyph list over 'glyf': 18 glyphs before</msg>
<msg timestamp="20231011 10:08:48.641" level="INFO">Glyph names: ['.notdef', '.null', 'uni0020', 'uni0030', 'uni0031', 'uni0032', 'uni0033', 'uni0034', 'uni0035', 'uni0036', 'uni0037', 'uni0038', 'uni0039', 'uni0062', 'uni006E', 'uni007B', 'uni007D', 'uni00A0']</msg>
<msg timestamp="20231011 10:08:48.641" level="INFO">Glyph IDs:   [0, 1, 2, 3, 544, 727, 1256, 1257, 1258, 1260, 1261, 1262, 1264, 1265, 1266, 1267, 1307, 1308]</msg>
<msg timestamp="20231011 10:08:48.641" level="INFO">Closed glyph list over 'glyf': 18 glyphs after</msg>
<msg timestamp="20231011 10:08:48.642" level="INFO">Glyph names: ['.notdef', '.null', 'uni0020', 'uni0030', 'uni0031', 'uni0032', 'uni0033', 'uni0034', 'uni0035', 'uni0036', 'uni0037', 'uni0038', 'uni0039', 'uni0062', 'uni006E', 'uni007B', 'uni007D', 'uni00A0']</msg>
<msg timestamp="20231011 10:08:48.642" level="INFO">Glyph IDs:   [0, 1, 2, 3, 544, 727, 1256, 1257, 1258, 1260, 1261, 1262, 1264, 1265, 1266, 1267, 1307, 1308]</msg>
<msg timestamp="20231011 10:08:48.642" level="INFO">Retaining 18 glyphs</msg>
<msg timestamp="20231011 10:08:48.642" level="INFO">head subsetting not needed</msg>
<msg timestamp="20231011 10:08:48.642" level="INFO">hhea subsetting not needed</msg>
<msg timestamp="20231011 10:08:48.642" level="INFO">maxp subsetting not needed</msg>
<msg timestamp="20231011 10:08:48.642" level="INFO">OS/2 subsetting not needed</msg>
<msg timestamp="20231011 10:08:48.643" level="INFO">hmtx subsetted</msg>
<msg timestamp="20231011 10:08:48.643" level="INFO">cmap subsetted</msg>
<msg timestamp="20231011 10:08:48.643" level="INFO">loca subsetting not needed</msg>
<msg timestamp="20231011 10:08:48.643" level="INFO">post subsetted</msg>
<msg timestamp="20231011 10:08:48.644" level="INFO">name subsetting not needed</msg>
<msg timestamp="20231011 10:08:48.644" level="INFO">glyf subsetted</msg>
<msg timestamp="20231011 10:08:48.644" level="INFO">head pruned</msg>
<msg timestamp="20231011 10:08:48.645" level="INFO">OS/2 Unicode ranges pruned: [0]</msg>
<msg timestamp="20231011 10:08:48.645" level="INFO">glyf pruned</msg>
<msg timestamp="20231011 10:08:48.645" level="INFO">name pruned</msg>
<status status="PASS" starttime="20231011 10:08:48.470" endtime="20231011 10:08:48.654"/>
</kw>
<kw name="Take Screenshot" library="RPA.Browser.Playwright">
<var>${roboselfie}</var>
<arg>selector=#robot-preview-image</arg>
<tag>PageContent</tag>
<doc>Takes a screenshot of the current window or element and saves it to disk.</doc>
[...]
<msg timestamp="20231011 10:09:09.247" level="INFO">glyf pruned</msg>
<msg timestamp="20231011 10:09:09.247" level="INFO">Added gid0 to subset</msg>
<msg timestamp="20231011 10:09:09.247" level="INFO">Added first four glyphs to subset</msg>
<msg timestamp="20231011 10:09:09.247" level="INFO">Closing glyph list over 'glyf': 57 glyphs before</msg>
<msg timestamp="20231011 10:09:09.247" level="INFO">Glyph names: ['.notdef', '.null', 'uni0020', 'uni0021', 'uni002D', 'uni002E', 'uni0030', 'uni0031', 'uni0032', 'uni0033', 'uni0034', 'uni0035', 'uni0036', 'uni0037', 'uni0038', 'uni0039', 'uni003A', 'uni0041', 'uni0042', 'uni0044', 'uni0045', 'uni0047', 'uni0048', 'uni004C', 'uni004D', 'uni004F', 'uni0052', 'uni0053', 'uni0054', 'uni0057', 'uni0059', 'uni005A', 'uni0061', 'uni0062', 'uni0063', 'uni0064', 'uni0065', 'uni0066', 'uni0067', 'uni0068', 'uni0069', 'uni006B', 'uni006C', 'uni006D', 'uni006E', 'uni006F', 'uni0070', 'uni0072', 'uni0073', 'uni0074', 'uni0075', 'uni0076', 'uni0077', 'uni0079', 'uni007B', 'uni007D', 'uni00C4']</msg>
<msg timestamp="20231011 10:09:09.247" level="INFO">Glyph IDs:   [0, 1, 2, 3, 65, 84, 95, 141, 161, 280, 291, 320, 382, 395, 409, 456, 469, 493, 504, 575, 582, 594, 612, 645, 650, 660, 679, 715, 723, 752, 759, 775, 827, 837, 867, 884, 899, 932, 936, 950, 1294, 1295, 1296, 1298, 1299, 1300, 1302, 1303, 1304, 1305, 1329, 1345, 1346, 1361, 1404, 1407, 1681]</msg>
<msg timestamp="20231011 10:09:09.247" level="INFO">Closed glyph list over 'glyf': 57 glyphs after</msg>
<msg timestamp="20231011 10:09:09.247" level="INFO">Glyph names: ['.notdef', '.null', 'uni0020', 'uni0021', 'uni002D', 'uni002E', 'uni0030', 'uni0031', 'uni0032', 'uni0033', 'uni0034', 'uni0035', 'uni0036', 'uni0037', 'uni0038', 'uni0039', 'uni003A', 'uni0041', 'uni0042', 'uni0044', 'uni0045', 'uni0047', 'uni0048', 'uni004C', 'uni004D', 'uni004F', 'uni0052', 'uni0053', 'uni0054', 'uni0057', 'uni0059', 'uni005A', 'uni0061', 'uni0062', 'uni0063', 'uni0064', 'uni0065', 'uni0066', 'uni0067', 'uni0068', 'uni0069', 'uni006B', 'uni006C', 'uni006D', 'uni006E', 'uni006F', 'uni0070', 'uni0072', 'uni0073', 'uni0074', 'uni0075', 'uni0076', 'uni0077', 'uni0079', 'uni007B', 'uni007D', 'uni00C4']</msg>
<msg timestamp="20231011 10:09:09.247" level="INFO">Glyph IDs:   [0, 1, 2, 3, 65, 84, 95, 141, 161, 280, 291, 320, 382, 395, 409, 456, 469, 493, 504, 575, 582, 594, 612, 645, 650, 660, 679, 715, 723, 752, 759, 775, 827, 837, 867, 884, 899, 932, 936, 950, 1294, 1295, 1296, 1298, 1299, 1300, 1302, 1303, 1304, 1305, 1329, 1345, 1346, 1361, 1404, 1407, 1681]</msg>
<msg timestamp="20231011 10:09:09.247" level="INFO">Retaining 57 glyphs</msg>
<msg timestamp="20231011 10:09:09.247" level="INFO">head subsetting not needed</msg>
<msg timestamp="20231011 10:09:09.247" level="INFO">hhea subsetting not needed</msg>
<msg timestamp="20231011 10:09:09.247" level="INFO">maxp subsetting not needed</msg>
<msg timestamp="20231011 10:09:09.247" level="INFO">OS/2 subsetting not needed</msg>
<msg timestamp="20231011 10:09:09.247" level="INFO">hmtx subsetted</msg>
<msg timestamp="20231011 10:09:09.247" level="INFO">cmap subsetted</msg>
<msg timestamp="20231011 10:09:09.247" level="INFO">prep subsetting not needed</msg>
<msg timestamp="20231011 10:09:09.247" level="INFO">loca subsetting not needed</msg>
<msg timestamp="20231011 10:09:09.247" level="INFO">post subsetted</msg>
<msg timestamp="20231011 10:09:09.247" level="INFO">gasp subsetting not needed</msg>
<msg timestamp="20231011 10:09:09.247" level="INFO">STAT subsetting not needed</msg>
<msg timestamp="20231011 10:09:09.247" level="INFO">name subsetting not needed</msg>
<msg timestamp="20231011 10:09:09.247" level="INFO">glyf subsetted</msg>
<msg timestamp="20231011 10:09:09.247" level="INFO">head pruned</msg>
<msg timestamp="20231011 10:09:09.247" level="INFO">OS/2 Unicode ranges pruned: [0]</msg>
<msg timestamp="20231011 10:09:09.247" level="INFO">glyf pruned</msg>
<msg timestamp="20231011 10:09:09.247" level="INFO">name pruned</msg>
<msg timestamp="20231011 10:09:09.264" level="INFO">maxp pruned</msg>
<msg timestamp="20231011 10:09:09.264" level="INFO">cmap pruned</msg>
<msg timestamp="20231011 10:09:09.264" level="INFO">post pruned</msg>
<msg timestamp="20231011 10:09:09.264" level="INFO">GDEF dropped</msg>
<msg timestamp="20231011 10:09:09.264" level="INFO">GPOS dropped</msg>
<msg timestamp="20231011 10:09:09.264" level="INFO">GSUB dropped</msg>
<msg timestamp="20231011 10:09:09.278" level="INFO">glyf pruned</msg>
<msg timestamp="20231011 10:09:09.279" level="INFO">Added gid0 to subset</msg>
<msg timestamp="20231011 10:09:09.279" level="INFO">Added first four glyphs to subset</msg>
<msg timestamp="20231011 10:09:09.280" level="INFO">Closing glyph list over 'glyf': 19 glyphs before</msg>
<msg timestamp="20231011 10:09:09.280" level="INFO">Glyph names: ['.notdef', '.null', 'uni0020', 'uni0030', 'uni0031', 'uni0032', 'uni0033', 'uni0034', 'uni0035', 'uni0036', 'uni0037', 'uni0038', 'uni0039', 'uni0041', 'uni0062', 'uni006E', 'uni007B', 'uni007D', 'uni00C4']</msg>
<msg timestamp="20231011 10:09:09.280" level="INFO">Glyph IDs:   [0, 1, 2, 3, 575, 759, 1294, 1295, 1296, 1298, 1299, 1300, 1302, 1303, 1304, 1305, 1345, 1346, 1681]</msg>
<msg timestamp="20231011 10:09:09.280" level="INFO">Closed glyph list over 'glyf': 19 glyphs after</msg>
<msg timestamp="20231011 10:09:09.281" level="INFO">Glyph names: ['.notdef', '.null', 'uni0020', 'uni0030', 'uni0031', 'uni0032', 'uni0033', 'uni0034', 'uni0035', 'uni0036', 'uni0037', 'uni0038', 'uni0039', 'uni0041', 'uni0062', 'uni006E', 'uni007B', 'uni007D', 'uni00C4']</msg>
<msg timestamp="20231011 10:09:09.281" level="INFO">Glyph IDs:   [0, 1, 2, 3, 575, 759, 1294, 1295, 1296, 1298, 1299, 1300, 1302, 1303, 1304, 1305, 1345, 1346, 1681]</msg>
<msg timestamp="20231011 10:09:09.281" level="INFO">Retaining 19 glyphs</msg>
<msg timestamp="20231011 10:09:09.281" level="INFO">head subsetting not needed</msg>
<msg timestamp="20231011 10:09:09.282" level="INFO">hhea subsetting not needed</msg>
<msg timestamp="20231011 10:09:09.282" level="INFO">maxp subsetting not needed</msg>
<msg timestamp="20231011 10:09:09.282" level="INFO">OS/2 subsetting not needed</msg>
<msg timestamp="20231011 10:09:09.282" level="INFO">hmtx subsetted</msg>
<msg timestamp="20231011 10:09:09.283" level="INFO">cmap subsetted</msg>
<msg timestamp="20231011 10:09:09.283" level="INFO">prep subsetting not needed</msg>
<msg timestamp="20231011 10:09:09.283" level="INFO">loca subsetting not needed</msg>
<msg timestamp="20231011 10:09:09.283" level="INFO">post subsetted</msg>
<msg timestamp="20231011 10:09:09.283" level="INFO">gasp subsetting not needed</msg>
<msg timestamp="20231011 10:09:09.284" level="INFO">STAT subsetting not needed</msg>
<msg timestamp="20231011 10:09:09.284" level="INFO">name subsetting not needed</msg>
<msg timestamp="20231011 10:09:09.284" level="INFO">glyf subsetted</msg>
<msg timestamp="20231011 10:09:09.285" level="INFO">head pruned</msg>
<msg timestamp="20231011 10:09:09.285" level="INFO">OS/2 Unicode ranges pruned: [0]</msg>
<msg timestamp="20231011 10:09:09.285" level="INFO">glyf pruned</msg>
<msg timestamp="20231011 10:09:09.286" level="INFO">name pruned</msg>
<msg timestamp="20231011 10:09:09.293" level="INFO">maxp pruned</msg>
<msg timestamp="20231011 10:09:09.294" level="INFO">cmap pruned</msg>
<msg timestamp="20231011 10:09:09.294" level="INFO">post pruned</msg>
<msg timestamp="20231011 10:09:09.294" level="INFO">GDEF dropped</msg>
<msg timestamp="20231011 10:09:09.294" level="INFO">GPOS dropped</msg>
<msg timestamp="20231011 10:09:09.295" level="INFO">GSUB dropped</msg>
<msg timestamp="20231011 10:09:09.299" level="INFO">glyf pruned</msg>
<msg timestamp="20231011 10:09:09.302" level="INFO">Added gid0 to subset</msg>
<msg timestamp="20231011 10:09:09.304" level="INFO">Added first four glyphs to subset</msg>
<msg timestamp="20231011 10:09:09.304" level="INFO">Closing glyph list over 'glyf': 18 glyphs before</msg>
<msg timestamp="20231011 10:09:09.304" level="INFO">Glyph names: ['.notdef', '.null', 'uni0020', 'uni0030', 'uni0031', 'uni0032', 'uni0033', 'uni0034', 'uni0035', 'uni0036', 'uni0037', 'uni0038', 'uni0039', 'uni0062', 'uni006E', 'uni007B', 'uni007D', 'uni00A0']</msg>
<msg timestamp="20231011 10:09:09.304" level="INFO">Glyph IDs:   [0, 1, 2, 3, 544, 727, 1256, 1257, 1258, 1260, 1261, 1262, 1264, 1265, 1266, 1267, 1307, 1308]</msg>
<msg timestamp="20231011 10:09:09.304" level="INFO">Closed glyph list over 'glyf': 18 glyphs after</msg>
<msg timestamp="20231011 10:09:09.305" level="INFO">Glyph names: ['.notdef', '.null', 'uni0020', 'uni0030', 'uni0031', 'uni0032', 'uni0033', 'uni0034', 'uni0035', 'uni0036', 'uni0037', 'uni0038', 'uni0039', 'uni0062', 'uni006E', 'uni007B', 'uni007D', 'uni00A0']</msg>
<msg timestamp="20231011 10:09:09.305" level="INFO">Glyph IDs:   [0, 1, 2, 3, 544, 727, 1256, 1257, 1258, 1260, 1261, 1262, 1264, 1265, 1266, 1267, 1307, 1308]</msg>
<msg timestamp="20231011 10:09:09.305" level="INFO">Retaining 18 glyphs</msg>
<msg timestamp="20231011 10:09:09.306" level="INFO">head subsetting not needed</msg>
<msg timestamp="20231011 10:09:09.306" level="INFO">hhea subsetting not needed</msg>
<msg timestamp="20231011 10:09:09.306" level="INFO">maxp subsetting not needed</msg>
<msg timestamp="20231011 10:09:09.306" level="INFO">OS/2 subsetting not needed</msg>
<msg timestamp="20231011 10:09:09.307" level="INFO">hmtx subsetted</msg>
<msg timestamp="20231011 10:09:09.308" level="INFO">cmap subsetted</msg>
<msg timestamp="20231011 10:09:09.308" level="INFO">loca subsetting not needed</msg>
<msg timestamp="20231011 10:09:09.308" level="INFO">post subsetted</msg>
<msg timestamp="20231011 10:09:09.309" level="INFO">name subsetting not needed</msg>
<msg timestamp="20231011 10:09:09.310" level="INFO">glyf subsetted</msg>
<msg timestamp="20231011 10:09:09.310" level="INFO">head pruned</msg>
<msg timestamp="20231011 10:09:09.310" level="INFO">OS/2 Unicode ranges pruned: [0]</msg>
<msg timestamp="20231011 10:09:09.311" level="INFO">glyf pruned</msg>
<msg timestamp="20231011 10:09:09.312" level="INFO">name pruned</msg>
<msg timestamp="20231011 10:09:09.321" level="INFO">maxp pruned</msg>
<msg timestamp="20231011 10:09:09.322" level="INFO">cmap pruned</msg>
<msg timestamp="20231011 10:09:09.322" level="INFO">post pruned</msg>
<msg timestamp="20231011 10:09:09.322" level="INFO">GDEF dropped</msg>
<msg timestamp="20231011 10:09:09.322" level="INFO">GPOS dropped</msg>
<msg timestamp="20231011 10:09:09.323" level="INFO">GSUB dropped</msg>
<msg timestamp="20231011 10:09:09.327" level="INFO">glyf pruned</msg>
<msg timestamp="20231011 10:09:09.348" level="INFO">Added gid0 to subset</msg>
<msg timestamp="20231011 10:09:09.348" level="INFO">Added first four glyphs to subset</msg>
<msg timestamp="20231011 10:09:09.348" level="INFO">Closing glyph list over 'glyf': 18 glyphs before</msg>
<msg timestamp="20231011 10:09:09.348" level="INFO">Glyph names: ['.notdef', '.null', 'uni0020', 'uni0030', 'uni0031', 'uni0032', 'uni0033', 'uni0034', 'uni0035', 'uni0036', 'uni0037', 'uni0038', 'uni0039', 'uni0062', 'uni006E', 'uni007B', 'uni007D', 'uni00A0']</msg>
<msg timestamp="20231011 10:09:09.349" level="INFO">Glyph IDs:   [0, 1, 2, 3, 544, 727, 1256, 1257, 1258, 1260, 1261, 1262, 1264, 1265, 1266, 1267, 1307, 1308]</msg>
<msg timestamp="20231011 10:09:09.349" level="INFO">Closed glyph list over 'glyf': 18 glyphs after</msg>
<msg timestamp="20231011 10:09:09.349" level="INFO">Glyph names: ['.notdef', '.null', 'uni0020', 'uni0030', 'uni0031', 'uni0032', 'uni0033', 'uni0034', 'uni0035', 'uni0036', 'uni0037', 'uni0038', 'uni0039', 'uni0062', 'uni006E', 'uni007B', 'uni007D', 'uni00A0']</msg>
<msg timestamp="20231011 10:09:09.349" level="INFO">Glyph IDs:   [0, 1, 2, 3, 544, 727, 1256, 1257, 1258, 1260, 1261, 1262, 1264, 1265, 1266, 1267, 1307, 1308]</msg>
<msg timestamp="20231011 10:09:09.349" level="INFO">Retaining 18 glyphs</msg>
<msg timestamp="20231011 10:09:09.350" level="INFO">head subsetting not needed</msg>
<msg timestamp="20231011 10:09:09.350" level="INFO">hhea subsetting not needed</msg>
<msg timestamp="20231011 10:09:09.350" level="INFO">maxp subsetting not needed</msg>
<msg timestamp="20231011 10:09:09.350" level="INFO">OS/2 subsetting not needed</msg>
<msg timestamp="20231011 10:09:09.350" level="INFO">hmtx subsetted</msg>
<msg timestamp="20231011 10:09:09.351" level="INFO">cmap subsetted</msg>
<msg timestamp="20231011 10:09:09.352" level="INFO">loca subsetting not needed</msg>
<msg timestamp="20231011 10:09:09.352" level="INFO">post subsetted</msg>
<msg timestamp="20231011 10:09:09.352" level="INFO">name subsetting not needed</msg>
<msg timestamp="20231011 10:09:09.353" level="INFO">glyf subsetted</msg>
<msg timestamp="20231011 10:09:09.353" level="INFO">head pruned</msg>
<msg timestamp="20231011 10:09:09.353" level="INFO">OS/2 Unicode ranges pruned: [0]</msg>
<msg timestamp="20231011 10:09:09.354" level="INFO">glyf pruned</msg>
<msg timestamp="20231011 10:09:09.354" level="INFO">name pruned</msg>
<status status="PASS" starttime="20231011 10:09:09.170" endtime="20231011 10:09:09.364"/>
</kw>
<kw name="Take Screenshot" library="RPA.Browser.Playwright">
<var>${roboselfie}</var>
<arg>selector=#robot-preview-image</arg>
<tag>PageContent</tag>
<doc>Takes a screenshot of the current window or element and saves it to disk.</doc>
<msg timestamp="20231011 10:09:09.504" level="INFO" html="true">&lt;/td&gt;&lt;/tr&gt;&lt;tr&gt;&lt;td colspan="3"&gt;&lt;a href="browser/screenshot/robotframework-browser-screenshot-20.png" target="_blank"&gt;&lt;img src="browser/screenshot/robotframework-browser-screenshot-20.png" width="800px"/&gt;&lt;/a&gt;</msg>
<msg timestamp="20231011 10:09:09.505" level="INFO">${roboselfie} = C:\Users\rgkenlii\rpa-privatetesting\browser\screenshot\robotframework-browser-screenshot-20.png</msg>
<status status="PASS" starttime="20231011 10:09:09.365" endtime="20231011 10:09:09.505"/>
</kw>
<kw name="Create List" library="BuiltIn">
<var>${files_to_append}</var>
<arg>${roboselfie}</arg>
<doc>Returns a list containing given items.</doc>
<msg timestamp="20231011 10:09:09.506" level="INFO">${files_to_append} = ['C:\\Users\\rgkenlii\\rpa-privatetesting\\browser\\screenshot\\robotframework-browser-screenshot-20.png']</msg>
<status status="PASS" starttime="20231011 10:09:09.505" endtime="20231011 10:09:09.506"/>
</kw>
<kw name="Log" library="BuiltIn">
<arg>${roboselfie}</arg>
<doc>Logs the given message with the given level.</doc>
<msg timestamp="20231011 10:09:09.506" level="INFO">C:\Users\rgkenlii\rpa-privatetesting\browser\screenshot\robotframework-browser-screenshot-20.png</msg>
<status status="PASS" starttime="20231011 10:09:09.506" endtime="20231011 10:09:09.507"/>
</kw>
<kw name="Add Files To Pdf" library="RPA.PDF">
<arg>${files_to_append}</arg>
<arg>${RECEIPTS_DIRECTORY}${/}${order_number}.pdf</arg>
<arg>append=True</arg>
<doc>Add images and/or pdfs to new PDF document.</doc>
<msg timestamp="20231011 10:09:09.550" level="INFO">Adding page: 0</msg>
<msg timestamp="20231011 10:09:09.558" level="INFO">File C:\Users\rgkenlii\rpa-privatetesting\browser\screenshot\robotframework-browser-screenshot-20.png type: png</msg>
<msg timestamp="20231011 10:09:09.558" level="INFO">Image parameters: {}</msg>
<status status="PASS" starttime="20231011 10:09:09.507" endtime="20231011 10:09:09.593"/>
</kw>
<status status="PASS" starttime="20231011 10:09:09.149" endtime="20231011 10:09:09.594"/>
</kw>
<kw name="Close Page" library="RPA.Browser.Playwright">
<tag>BrowserControl</tag>
<tag>Setter</tag>
<doc>Closes the ``page`` in ``context`` in ``browser``.</doc>
<msg timestamp="20231011 10:09:09.598" level="INFO">[
  {
    "type": "chromium",
    "id": "browser=c10a25e6-0369-4d43-af72-77f3802fb738",
    "contexts": [
      {
        "type": "context",
        "id": "context=206ff03a-f1f0-40f6-9060-9ab95de61d5e",
        "activePage": "page=41e9b393-ec5c-47d4-be36-81f09e95831d",
        "pages": [
          {
            "type": "page",
            "title": "RobotSpareBin Industries Inc. - Intranet",
            "url": "https://robotsparebinindustries.com/#/robot-order",
            "id": "page=41e9b393-ec5c-47d4-be36-81f09e95831d",
            "timestamp": 1697008147.78
          }
        ]
      }
    ],
    "activeContext": "context=206ff03a-f1f0-40f6-9060-9ab95de61d5e",
    "activeBrowser": true
  }
]</msg>
<msg timestamp="20231011 10:09:09.598" level="INFO">Switching browser to CURRENT</msg>
<msg timestamp="20231011 10:09:09.600" level="INFO">Returned active browser id</msg>
<msg timestamp="20231011 10:09:09.601" level="INFO">Switching browser to browser=c10a25e6-0369-4d43-af72-77f3802fb738</msg>
<msg timestamp="20231011 10:09:09.605" level="INFO">Successfully changed active browser</msg>
<msg timestamp="20231011 10:09:09.606" level="INFO">Switching context to CURRENT in CURRENT</msg>
<msg timestamp="20231011 10:09:09.609" level="INFO">Returned active context id</msg>
<msg timestamp="20231011 10:09:09.610" level="INFO">Switching context to context=206ff03a-f1f0-40f6-9060-9ab95de61d5e in CURRENT</msg>
<msg timestamp="20231011 10:09:09.614" level="INFO">[
  {
    "type": "chromium",
    "id": "browser=c10a25e6-0369-4d43-af72-77f3802fb738",
    "contexts": [
      {
        "type": "context",
        "id": "context=206ff03a-f1f0-40f6-9060-9ab95de61d5e",
        "activePage": "page=41e9b393-ec5c-47d4-be36-81f09e95831d",
        "pages": [
          {
            "type": "page",
            "title": "RobotSpareBin Industries Inc. - Intranet",
            "url": "https://robotsparebinindustries.com/#/robot-order",
            "id": "page=41e9b393-ec5c-47d4-be36-81f09e95831d",
            "timestamp": 1697008147.78
          }
        ]
      }
    ],
    "activeContext": "context=206ff03a-f1f0-40f6-9060-9ab95de61d5e",
    "activeBrowser": true
  }
]</msg>
<msg timestamp="20231011 10:09:09.616" level="INFO">Successfully changed active context</msg>
<msg timestamp="20231011 10:09:09.622" level="INFO">Successfully closed Page</msg>
<status status="PASS" starttime="20231011 10:09:09.594" endtime="20231011 10:09:09.622"/>
</kw>
<status status="PASS" starttime="20231011 10:09:07.678" endtime="20231011 10:09:09.623"/>
</iter>
<status status="PASS" starttime="20231011 10:08:43.845" endtime="20231011 10:09:09.623"/>
</for>
<kw name="Create ZIP with receipts">
<kw name="Archive Folder With Zip" library="RPA.Archive">
<arg>${RECEIPTS_DIRECTORY}</arg>
<arg>result.zip</arg>
<doc>Create a zip archive of a folder</doc>
<status status="PASS" starttime="20231011 10:09:09.625" endtime="20231011 10:09:09.787"/>
</kw>
<status status="PASS" starttime="20231011 10:09:09.623" endtime="20231011 10:09:09.787"/>
</kw>
<kw name="Remove receipt pdf folder" type="TEARDOWN">
<kw name="Remove Directory" library="OperatingSystem">
<arg>${RECEIPTS_DIRECTORY}</arg>
<arg>True</arg>
<doc>Removes the directory pointed to by the given ``path``.</doc>
<msg timestamp="20231011 10:09:09.800" level="INFO" html="true">Removed directory '&lt;a href="file://C:\Users\rgkenlii\rpa-privatetesting\receipts"&gt;C:\Users\rgkenlii\rpa-privatetesting\receipts&lt;/a&gt;'.</msg>
<status status="PASS" starttime="20231011 10:09:09.787" endtime="20231011 10:09:09.801"/>
</kw>
<status status="PASS" starttime="20231011 10:09:09.787" endtime="20231011 10:09:09.801"/>
</kw>
<status status="PASS" starttime="20231011 10:08:43.388" endtime="20231011 10:09:09.802"/>
</test>
<doc>Playwright template robot - orders robots from test site according to input data.
Add more lines of this kind of text with ...
This is a new line</doc>
<status status="PASS" starttime="20231011 10:08:40.404" endtime="20231011 10:09:09.826"/>
</suite>
<statistics>
<total>
<stat pass="1" fail="0" skip="0">All Tasks</stat>
</total>
<tag>
</tag>
<suite>
<stat pass="1" fail="0" skip="0" id="s1" name="Tasks">Tasks</stat>
</suite>
</statistics>
<errors>
</errors>
</robot>
